{"/Users/qingwei/projects/binary-charts/src/BinaryChart.js":{"path":"/Users/qingwei/projects/binary-charts/src/BinaryChart.js","s":{"1":1,"2":1,"3":0,"4":0,"5":0,"6":0,"7":0,"8":0,"9":1,"10":1,"11":1,"12":3,"13":3,"14":3,"15":3,"16":3,"17":3,"18":1,"19":1,"20":1,"21":1,"22":0,"23":1,"24":1,"25":1,"26":1,"27":1,"28":1,"29":1,"30":1,"31":1,"32":1,"33":1,"34":1,"35":1,"36":1,"37":1,"38":1,"39":1,"40":1,"41":0,"42":0,"43":0,"44":0,"45":0,"46":0,"47":0,"48":1,"49":6,"50":1,"51":1,"52":0,"53":1,"54":1,"55":0,"56":1,"57":1,"58":1,"59":0,"60":1,"61":1,"62":1,"63":1,"64":0,"65":0,"66":1,"67":1,"68":1,"69":1,"70":1,"71":1,"72":0,"73":0,"74":0,"75":0,"76":0,"77":0,"78":1,"79":1,"80":1,"81":1,"82":1},"b":{"1":[1,0],"2":[0,0],"3":[3,3],"4":[3,0],"5":[1,0],"6":[0,1],"7":[1,0],"8":[1,1],"9":[0,0],"10":[0,0],"11":[4,2],"12":[6,6],"13":[0,1],"14":[0,1],"15":[0,1],"16":[1,0,0],"17":[0,1],"18":[1,0],"19":[1,1],"20":[1,0],"21":[1,0],"22":[0,1]},"f":{"1":0,"2":1,"3":1,"4":1,"5":1,"6":6,"7":1,"8":1,"9":1,"10":1,"11":1,"12":0,"13":0,"14":1},"fnMap":{"1":{"name":"(anonymous_1)","line":0,"loc":{"start":{"line":0,"column":0},"end":{"line":0,"column":0}},"skip":true},"2":{"name":"(anonymous_2)","line":0,"loc":{"start":{"line":0,"column":0},"end":{"line":0,"column":0}},"skip":true},"3":{"name":"defineProperties","line":0,"loc":{"start":{"line":0,"column":0},"end":{"line":0,"column":0}},"skip":true},"4":{"name":"(anonymous_4)","line":0,"loc":{"start":{"line":0,"column":0},"end":{"line":0,"column":0}},"skip":true},"5":{"name":"_interopRequireWildcard","line":0,"loc":{"start":{"line":0,"column":0},"end":{"line":0,"column":0}},"skip":true},"6":{"name":"_interopRequireDefault","line":0,"loc":{"start":{"line":0,"column":0},"end":{"line":0,"column":0}},"skip":true},"7":{"name":"_classCallCheck","line":0,"loc":{"start":{"line":0,"column":0},"end":{"line":0,"column":0}},"skip":true},"8":{"name":"_possibleConstructorReturn","line":0,"loc":{"start":{"line":0,"column":0},"end":{"line":0,"column":0}},"skip":true},"9":{"name":"_inherits","line":0,"loc":{"start":{"line":0,"column":0},"end":{"line":0,"column":0}},"skip":true},"10":{"name":"(anonymous_10)","line":0,"loc":{"start":{"line":0,"column":0},"end":{"line":0,"column":0}},"skip":true},"11":{"name":"BinaryChart","line":0,"loc":{"start":{"line":0,"column":0},"end":{"line":0,"column":0}},"skip":true},"12":{"name":"componentDidMount","line":32,"loc":{"start":{"line":32,"column":24},"end":{"line":32,"column":24}}},"13":{"name":"shouldComponentUpdate","line":39,"loc":{"start":{"line":39,"column":26},"end":{"line":39,"column":37}}},"14":{"name":"render","line":44,"loc":{"start":{"line":44,"column":13},"end":{"line":44,"column":13}}}},"statementMap":{"1":{"start":{"line":0,"column":0},"end":{"line":0,"column":0},"skip":true},"2":{"start":{"line":0,"column":0},"end":{"line":0,"column":0},"skip":true},"3":{"start":{"line":0,"column":0},"end":{"line":0,"column":0},"skip":true},"4":{"start":{"line":0,"column":0},"end":{"line":0,"column":0},"skip":true},"5":{"start":{"line":0,"column":0},"end":{"line":0,"column":0},"skip":true},"6":{"start":{"line":0,"column":0},"end":{"line":0,"column":0},"skip":true},"7":{"start":{"line":0,"column":0},"end":{"line":0,"column":0},"skip":true},"8":{"start":{"line":0,"column":0},"end":{"line":0,"column":0},"skip":true},"9":{"start":{"line":0,"column":0},"end":{"line":0,"column":0},"skip":true},"10":{"start":{"line":0,"column":0},"end":{"line":0,"column":0},"skip":true},"11":{"start":{"line":0,"column":0},"end":{"line":0,"column":0},"skip":true},"12":{"start":{"line":0,"column":0},"end":{"line":0,"column":0},"skip":true},"13":{"start":{"line":0,"column":0},"end":{"line":0,"column":0},"skip":true},"14":{"start":{"line":0,"column":0},"end":{"line":0,"column":0},"skip":true},"15":{"start":{"line":0,"column":0},"end":{"line":0,"column":0},"skip":true},"16":{"start":{"line":0,"column":0},"end":{"line":0,"column":0},"skip":true},"17":{"start":{"line":0,"column":0},"end":{"line":0,"column":0},"skip":true},"18":{"start":{"line":0,"column":0},"end":{"line":0,"column":0},"skip":true},"19":{"start":{"line":0,"column":0},"end":{"line":0,"column":0},"skip":true},"20":{"start":{"line":0,"column":0},"end":{"line":0,"column":0},"skip":true},"21":{"start":{"line":0,"column":0},"end":{"line":0,"column":0},"skip":true},"22":{"start":{"line":0,"column":0},"end":{"line":0,"column":0},"skip":true},"23":{"start":{"line":0,"column":0},"end":{"line":0,"column":0},"skip":true},"24":{"start":{"line":1,"column":0},"end":{"line":null,"column":null}},"25":{"start":{"line":0,"column":0},"end":{"line":0,"column":0},"skip":true},"26":{"start":{"line":2,"column":0},"end":{"line":null,"column":null}},"27":{"start":{"line":0,"column":0},"end":{"line":0,"column":0},"skip":true},"28":{"start":{"line":3,"column":0},"end":{"line":null,"column":null}},"29":{"start":{"line":3,"column":12},"end":{"line":null,"column":null}},"30":{"start":{"line":4,"column":0},"end":{"line":null,"column":null}},"31":{"start":{"line":0,"column":0},"end":{"line":0,"column":0},"skip":true},"32":{"start":{"line":5,"column":0},"end":{"line":null,"column":null}},"33":{"start":{"line":0,"column":0},"end":{"line":0,"column":0},"skip":true},"34":{"start":{"line":7,"column":0},"end":{"line":null,"column":null}},"35":{"start":{"line":0,"column":0},"end":{"line":0,"column":0},"skip":true},"36":{"start":{"line":9,"column":0},"end":{"line":null,"column":null}},"37":{"start":{"line":0,"column":0},"end":{"line":0,"column":0},"skip":true},"38":{"start":{"line":0,"column":0},"end":{"line":0,"column":0},"skip":true},"39":{"start":{"line":0,"column":0},"end":{"line":0,"column":0},"skip":true},"40":{"start":{"line":0,"column":0},"end":{"line":0,"column":0},"skip":true},"41":{"start":{"line":0,"column":0},"end":{"line":0,"column":0},"skip":true},"42":{"start":{"line":0,"column":0},"end":{"line":0,"column":0},"skip":true},"43":{"start":{"line":0,"column":0},"end":{"line":0,"column":0},"skip":true},"44":{"start":{"line":0,"column":0},"end":{"line":0,"column":0},"skip":true},"45":{"start":{"line":0,"column":0},"end":{"line":0,"column":0},"skip":true},"46":{"start":{"line":0,"column":0},"end":{"line":0,"column":0},"skip":true},"47":{"start":{"line":0,"column":0},"end":{"line":0,"column":0},"skip":true},"48":{"start":{"line":0,"column":0},"end":{"line":0,"column":0},"skip":true},"49":{"start":{"line":0,"column":0},"end":{"line":0,"column":0},"skip":true},"50":{"start":{"line":0,"column":0},"end":{"line":0,"column":0},"skip":true},"51":{"start":{"line":0,"column":0},"end":{"line":0,"column":0},"skip":true},"52":{"start":{"line":0,"column":0},"end":{"line":0,"column":0},"skip":true},"53":{"start":{"line":0,"column":0},"end":{"line":0,"column":0},"skip":true},"54":{"start":{"line":0,"column":0},"end":{"line":0,"column":0},"skip":true},"55":{"start":{"line":0,"column":0},"end":{"line":0,"column":0},"skip":true},"56":{"start":{"line":0,"column":0},"end":{"line":0,"column":0},"skip":true},"57":{"start":{"line":0,"column":0},"end":{"line":0,"column":0},"skip":true},"58":{"start":{"line":0,"column":0},"end":{"line":0,"column":0},"skip":true},"59":{"start":{"line":0,"column":0},"end":{"line":0,"column":0},"skip":true},"60":{"start":{"line":0,"column":0},"end":{"line":0,"column":0},"skip":true},"61":{"start":{"line":0,"column":0},"end":{"line":0,"column":0},"skip":true},"62":{"start":{"line":0,"column":0},"end":{"line":0,"column":0},"skip":true},"63":{"start":{"line":12,"column":0},"end":{"line":12,"column":0}},"64":{"start":{"line":0,"column":0},"end":{"line":0,"column":0},"skip":true},"65":{"start":{"line":15,"column":4},"end":{"line":12,"column":40}},"66":{"start":{"line":18,"column":21},"end":{"line":null,"column":null}},"67":{"start":{"line":0,"column":0},"end":{"line":0,"column":0},"skip":true},"68":{"start":{"line":0,"column":0},"end":{"line":0,"column":0},"skip":true},"69":{"start":{"line":0,"column":0},"end":{"line":0,"column":0},"skip":true},"70":{"start":{"line":0,"column":0},"end":{"line":0,"column":0},"skip":true},"71":{"start":{"line":0,"column":0},"end":{"line":0,"column":0},"skip":true},"72":{"start":{"line":33,"column":14},"end":{"line":32,"column":24}},"73":{"start":{"line":34,"column":15},"end":{"line":32,"column":24}},"74":{"start":{"line":35,"column":13},"end":{"line":32,"column":24}},"75":{"start":{"line":36,"column":20},"end":{"line":32,"column":24}},"76":{"start":{"line":40,"column":20},"end":{"line":39,"column":37}},"77":{"start":{"line":41,"column":15},"end":{"line":39,"column":37}},"78":{"start":{"line":46,"column":12},"end":{"line":44,"column":13}},"79":{"start":{"line":18,"column":21},"end":{"line":null,"column":null}},"80":{"start":{"line":20,"column":11},"end":{"line":null,"column":null}},"81":{"start":{"line":18,"column":21},"end":{"line":null,"column":null}},"82":{"start":{"line":18,"column":21},"end":{"line":null,"column":null}}},"branchMap":{"1":{"line":0,"type":"binary-expr","locations":[{"start":{"line":0,"column":0},"end":{"line":0,"column":0},"skip":true},{"start":{"line":0,"column":0},"end":{"line":0,"column":0},"skip":true}]},"2":{"line":0,"type":"if","locations":[{"start":{"line":0,"column":0},"end":{"line":0,"column":0},"skip":true},{"start":{"line":0,"column":0},"end":{"line":0,"column":0},"skip":true}]},"3":{"line":0,"type":"binary-expr","locations":[{"start":{"line":0,"column":0},"end":{"line":0,"column":0},"skip":true},{"start":{"line":0,"column":0},"end":{"line":0,"column":0},"skip":true}]},"4":{"line":0,"type":"if","locations":[{"start":{"line":0,"column":0},"end":{"line":0,"column":0},"skip":true},{"start":{"line":0,"column":0},"end":{"line":0,"column":0},"skip":true}]},"5":{"line":0,"type":"if","locations":[{"start":{"line":0,"column":0},"end":{"line":0,"column":0},"skip":true},{"start":{"line":0,"column":0},"end":{"line":0,"column":0},"skip":true}]},"6":{"line":0,"type":"if","locations":[{"start":{"line":0,"column":0},"end":{"line":0,"column":0},"skip":true},{"start":{"line":0,"column":0},"end":{"line":0,"column":0},"skip":true}]},"7":{"line":0,"type":"if","locations":[{"start":{"line":0,"column":0},"end":{"line":0,"column":0},"skip":true},{"start":{"line":0,"column":0},"end":{"line":0,"column":0},"skip":true}]},"8":{"line":0,"type":"binary-expr","locations":[{"start":{"line":0,"column":0},"end":{"line":0,"column":0},"skip":true},{"start":{"line":0,"column":0},"end":{"line":0,"column":0},"skip":true}]},"9":{"line":0,"type":"if","locations":[{"start":{"line":0,"column":0},"end":{"line":0,"column":0},"skip":true},{"start":{"line":0,"column":0},"end":{"line":0,"column":0},"skip":true}]},"10":{"line":0,"type":"if","locations":[{"start":{"line":0,"column":0},"end":{"line":0,"column":0},"skip":true},{"start":{"line":0,"column":0},"end":{"line":0,"column":0},"skip":true}]},"11":{"line":0,"type":"cond-expr","locations":[{"start":{"line":0,"column":0},"end":{"line":0,"column":0},"skip":true},{"start":{"line":0,"column":0},"end":{"line":0,"column":0},"skip":true}]},"12":{"line":0,"type":"binary-expr","locations":[{"start":{"line":0,"column":0},"end":{"line":0,"column":0},"skip":true},{"start":{"line":0,"column":0},"end":{"line":0,"column":0},"skip":true}]},"13":{"line":0,"type":"if","locations":[{"start":{"line":0,"column":0},"end":{"line":0,"column":0},"skip":true},{"start":{"line":0,"column":0},"end":{"line":0,"column":0},"skip":true}]},"14":{"line":0,"type":"if","locations":[{"start":{"line":0,"column":0},"end":{"line":0,"column":0},"skip":true},{"start":{"line":0,"column":0},"end":{"line":0,"column":0},"skip":true}]},"15":{"line":0,"type":"cond-expr","locations":[{"start":{"line":0,"column":0},"end":{"line":0,"column":0},"skip":true},{"start":{"line":0,"column":0},"end":{"line":0,"column":0},"skip":true}]},"16":{"line":0,"type":"binary-expr","locations":[{"start":{"line":0,"column":0},"end":{"line":0,"column":0},"skip":true},{"start":{"line":0,"column":0},"end":{"line":0,"column":0},"skip":true},{"start":{"line":0,"column":0},"end":{"line":0,"column":0},"skip":true}]},"17":{"line":0,"type":"if","locations":[{"start":{"line":0,"column":0},"end":{"line":0,"column":0},"skip":true},{"start":{"line":0,"column":0},"end":{"line":0,"column":0},"skip":true}]},"18":{"line":0,"type":"binary-expr","locations":[{"start":{"line":0,"column":0},"end":{"line":0,"column":0},"skip":true},{"start":{"line":0,"column":0},"end":{"line":0,"column":0},"skip":true}]},"19":{"line":0,"type":"binary-expr","locations":[{"start":{"line":0,"column":0},"end":{"line":0,"column":0},"skip":true},{"start":{"line":0,"column":0},"end":{"line":0,"column":0},"skip":true}]},"20":{"line":0,"type":"if","locations":[{"start":{"line":0,"column":0},"end":{"line":0,"column":0},"skip":true},{"start":{"line":0,"column":0},"end":{"line":0,"column":0},"skip":true}]},"21":{"line":0,"type":"cond-expr","locations":[{"start":{"line":0,"column":0},"end":{"line":0,"column":0},"skip":true},{"start":{"line":0,"column":0},"end":{"line":0,"column":0},"skip":true}]},"22":{"line":12,"type":"if","locations":[{"start":{"line":12,"column":0},"end":{"line":12,"column":0}},{"start":{"line":12,"column":0},"end":{"line":12,"column":0}}]}}},"/Users/qingwei/projects/binary-charts/src/BinaryTypes.js":{"path":"/Users/qingwei/projects/binary-charts/src/BinaryTypes.js","s":{"1":1,"2":1,"3":1,"4":1,"5":1,"6":1,"7":1},"b":{},"f":{},"fnMap":{},"statementMap":{"1":{"start":{"line":0,"column":0},"end":{"line":0,"column":0},"skip":true},"2":{"start":{"line":0,"column":0},"end":{"line":0,"column":0},"skip":true},"3":{"start":{"line":1,"column":0},"end":{"line":null,"column":null}},"4":{"start":{"line":3,"column":7},"end":{"line":null,"column":null}},"5":{"start":{"line":8,"column":7},"end":{"line":null,"column":null}},"6":{"start":{"line":23,"column":7},"end":{"line":null,"column":null}},"7":{"start":{"line":28,"column":7},"end":{"line":null,"column":null}}},"branchMap":{}},"/Users/qingwei/projects/binary-charts/src/config/initChart.js":{"path":"/Users/qingwei/projects/binary-charts/src/config/initChart.js","s":{"1":1,"2":1,"3":0,"4":0,"5":0,"6":0,"7":0,"8":0,"9":1,"10":1,"11":1,"12":1,"13":1,"14":1,"15":1,"16":1,"17":1,"18":1,"19":1,"20":1,"21":1,"22":1,"23":1,"24":7,"25":1,"26":0},"b":{"1":[1,0],"2":[0,0],"3":[7,0],"4":[7,7]},"f":{"1":0,"2":7,"3":0},"fnMap":{"1":{"name":"(anonymous_1)","line":0,"loc":{"start":{"line":0,"column":0},"end":{"line":0,"column":0}},"skip":true},"2":{"name":"_interopRequireDefault","line":0,"loc":{"start":{"line":0,"column":0},"end":{"line":0,"column":0}},"skip":true},"3":{"name":"(anonymous_3)","line":10,"loc":{"start":{"line":10,"column":15},"end":{"line":null,"column":null}}}},"statementMap":{"1":{"start":{"line":0,"column":0},"end":{"line":0,"column":0},"skip":true},"2":{"start":{"line":0,"column":0},"end":{"line":0,"column":0},"skip":true},"3":{"start":{"line":0,"column":0},"end":{"line":0,"column":0},"skip":true},"4":{"start":{"line":0,"column":0},"end":{"line":0,"column":0},"skip":true},"5":{"start":{"line":0,"column":0},"end":{"line":0,"column":0},"skip":true},"6":{"start":{"line":0,"column":0},"end":{"line":0,"column":0},"skip":true},"7":{"start":{"line":0,"column":0},"end":{"line":0,"column":0},"skip":true},"8":{"start":{"line":0,"column":0},"end":{"line":0,"column":0},"skip":true},"9":{"start":{"line":1,"column":0},"end":{"line":null,"column":null}},"10":{"start":{"line":0,"column":0},"end":{"line":0,"column":0},"skip":true},"11":{"start":{"line":2,"column":0},"end":{"line":null,"column":null}},"12":{"start":{"line":0,"column":0},"end":{"line":0,"column":0},"skip":true},"13":{"start":{"line":3,"column":0},"end":{"line":null,"column":null}},"14":{"start":{"line":0,"column":0},"end":{"line":0,"column":0},"skip":true},"15":{"start":{"line":4,"column":0},"end":{"line":null,"column":null}},"16":{"start":{"line":0,"column":0},"end":{"line":0,"column":0},"skip":true},"17":{"start":{"line":5,"column":0},"end":{"line":null,"column":null}},"18":{"start":{"line":0,"column":0},"end":{"line":0,"column":0},"skip":true},"19":{"start":{"line":6,"column":0},"end":{"line":null,"column":null}},"20":{"start":{"line":0,"column":0},"end":{"line":0,"column":0},"skip":true},"21":{"start":{"line":7,"column":0},"end":{"line":null,"column":null}},"22":{"start":{"line":0,"column":0},"end":{"line":0,"column":0},"skip":true},"23":{"start":{"line":0,"column":0},"end":{"line":0,"column":0},"skip":true},"24":{"start":{"line":0,"column":0},"end":{"line":0,"column":0},"skip":true},"25":{"start":{"line":10,"column":15},"end":{"line":null,"column":null}},"26":{"start":{"line":11,"column":7},"end":{"line":null,"column":null}}},"branchMap":{"1":{"line":0,"type":"binary-expr","locations":[{"start":{"line":0,"column":0},"end":{"line":0,"column":0},"skip":true},{"start":{"line":0,"column":0},"end":{"line":0,"column":0},"skip":true}]},"2":{"line":0,"type":"if","locations":[{"start":{"line":0,"column":0},"end":{"line":0,"column":0},"skip":true},{"start":{"line":0,"column":0},"end":{"line":0,"column":0},"skip":true}]},"3":{"line":0,"type":"cond-expr","locations":[{"start":{"line":0,"column":0},"end":{"line":0,"column":0},"skip":true},{"start":{"line":0,"column":0},"end":{"line":0,"column":0},"skip":true}]},"4":{"line":0,"type":"binary-expr","locations":[{"start":{"line":0,"column":0},"end":{"line":0,"column":0},"skip":true},{"start":{"line":0,"column":0},"end":{"line":0,"column":0},"skip":true}]}}},"/Users/qingwei/projects/binary-charts/src/parts/reset.js":{"path":"/Users/qingwei/projects/binary-charts/src/parts/reset.js","s":{"1":1,"2":1,"3":0},"b":{},"f":{"1":0},"fnMap":{"1":{"name":"(anonymous_1)","line":1,"loc":{"start":{"line":1,"column":15},"end":{"line":null,"column":null}}}},"statementMap":{"1":{"start":{"line":0,"column":0},"end":{"line":0,"column":0},"skip":true},"2":{"start":{"line":1,"column":15},"end":{"line":null,"column":null}},"3":{"start":{"line":1,"column":22},"end":{"line":null,"column":null}}},"branchMap":{}},"/Users/qingwei/projects/binary-charts/src/parts/plotOptions.js":{"path":"/Users/qingwei/projects/binary-charts/src/parts/plotOptions.js","s":{"1":1,"2":1,"3":0},"b":{},"f":{"1":0},"fnMap":{"1":{"name":"(anonymous_1)","line":1,"loc":{"start":{"line":1,"column":15},"end":{"line":null,"column":null}}}},"statementMap":{"1":{"start":{"line":0,"column":0},"end":{"line":0,"column":0},"skip":true},"2":{"start":{"line":1,"column":15},"end":{"line":null,"column":null}},"3":{"start":{"line":1,"column":22},"end":{"line":null,"column":null}}},"branchMap":{}},"/Users/qingwei/projects/binary-charts/src/parts/navigator.js":{"path":"/Users/qingwei/projects/binary-charts/src/parts/navigator.js","s":{"1":1,"2":1,"3":0},"b":{},"f":{"1":0},"fnMap":{"1":{"name":"(anonymous_1)","line":1,"loc":{"start":{"line":1,"column":15},"end":{"line":null,"column":null}}}},"statementMap":{"1":{"start":{"line":0,"column":0},"end":{"line":0,"column":0},"skip":true},"2":{"start":{"line":1,"column":15},"end":{"line":null,"column":null}},"3":{"start":{"line":1,"column":22},"end":{"line":null,"column":null}}},"branchMap":{}},"/Users/qingwei/projects/binary-charts/src/parts/rangeSelector.js":{"path":"/Users/qingwei/projects/binary-charts/src/parts/rangeSelector.js","s":{"1":1,"2":1,"3":0},"b":{},"f":{"1":0},"fnMap":{"1":{"name":"(anonymous_1)","line":1,"loc":{"start":{"line":1,"column":15},"end":{"line":null,"column":null}}}},"statementMap":{"1":{"start":{"line":0,"column":0},"end":{"line":0,"column":0},"skip":true},"2":{"start":{"line":1,"column":15},"end":{"line":null,"column":null}},"3":{"start":{"line":1,"column":22},"end":{"line":null,"column":null}}},"branchMap":{}},"/Users/qingwei/projects/binary-charts/src/parts/yAxis.js":{"path":"/Users/qingwei/projects/binary-charts/src/parts/yAxis.js","s":{"1":1,"2":1,"3":0,"4":0},"b":{},"f":{"1":0,"2":0},"fnMap":{"1":{"name":"(anonymous_1)","line":1,"loc":{"start":{"line":1,"column":15},"end":{"line":null,"column":null}}},"2":{"name":"formatter","line":6,"loc":{"start":{"line":6,"column":20},"end":{"line":6,"column":20}}}},"statementMap":{"1":{"start":{"line":0,"column":0},"end":{"line":0,"column":0},"skip":true},"2":{"start":{"line":1,"column":15},"end":{"line":null,"column":null}},"3":{"start":{"line":1,"column":22},"end":{"line":null,"column":null}},"4":{"start":{"line":6,"column":29},"end":{"line":6,"column":20}}},"branchMap":{}},"/Users/qingwei/projects/binary-charts/src/parts/xAxis.js":{"path":"/Users/qingwei/projects/binary-charts/src/parts/xAxis.js","s":{"1":1,"2":1,"3":0},"b":{},"f":{"1":0},"fnMap":{"1":{"name":"(anonymous_1)","line":1,"loc":{"start":{"line":1,"column":15},"end":{"line":null,"column":null}}}},"statementMap":{"1":{"start":{"line":0,"column":0},"end":{"line":0,"column":0},"skip":true},"2":{"start":{"line":1,"column":15},"end":{"line":null,"column":null}},"3":{"start":{"line":1,"column":22},"end":{"line":null,"column":null}}},"branchMap":{}},"/Users/qingwei/projects/binary-charts/src/parts/seriesLine.js":{"path":"/Users/qingwei/projects/binary-charts/src/parts/seriesLine.js","s":{"1":1,"2":1,"3":1,"4":1,"5":1,"6":1,"7":0},"b":{"1":[1,0],"2":[1,1]},"f":{"1":1,"2":0},"fnMap":{"1":{"name":"_interopRequireDefault","line":0,"loc":{"start":{"line":0,"column":0},"end":{"line":0,"column":0}},"skip":true},"2":{"name":"(anonymous_2)","line":3,"loc":{"start":{"line":3,"column":15},"end":{"line":null,"column":null}}}},"statementMap":{"1":{"start":{"line":0,"column":0},"end":{"line":0,"column":0},"skip":true},"2":{"start":{"line":1,"column":0},"end":{"line":null,"column":null}},"3":{"start":{"line":0,"column":0},"end":{"line":0,"column":0},"skip":true},"4":{"start":{"line":0,"column":0},"end":{"line":0,"column":0},"skip":true},"5":{"start":{"line":0,"column":0},"end":{"line":0,"column":0},"skip":true},"6":{"start":{"line":3,"column":15},"end":{"line":null,"column":null}},"7":{"start":{"line":3,"column":23},"end":{"line":null,"column":null}}},"branchMap":{"1":{"line":0,"type":"cond-expr","locations":[{"start":{"line":0,"column":0},"end":{"line":0,"column":0},"skip":true},{"start":{"line":0,"column":0},"end":{"line":0,"column":0},"skip":true}]},"2":{"line":0,"type":"binary-expr","locations":[{"start":{"line":0,"column":0},"end":{"line":0,"column":0},"skip":true},{"start":{"line":0,"column":0},"end":{"line":0,"column":0},"skip":true}]}}},"/Users/qingwei/projects/binary-charts/src/config/updateChart.js":{"path":"/Users/qingwei/projects/binary-charts/src/config/updateChart.js","s":{"1":1,"2":1,"3":1,"4":1,"5":1,"6":1,"7":1,"8":1,"9":1,"10":1,"11":1,"12":1,"13":5,"14":1,"15":0,"16":1,"17":0,"18":1,"19":0,"20":1,"21":0,"22":0,"23":0,"24":0,"25":0,"26":0,"27":0,"28":0,"29":0,"30":0},"b":{"1":[4,1],"2":[5,5],"3":[0,0],"4":[0,0],"5":[0,0],"6":[0,0],"7":[0,0]},"f":{"1":5,"2":0,"3":0,"4":0,"5":0},"fnMap":{"1":{"name":"_interopRequireDefault","line":0,"loc":{"start":{"line":0,"column":0},"end":{"line":0,"column":0}},"skip":true},"2":{"name":"ticksAreEqual","line":8,"loc":{"start":{"line":8,"column":22},"end":{"line":null,"column":null}}},"3":{"name":"contractsAreEqual","line":12,"loc":{"start":{"line":12,"column":26},"end":{"line":null,"column":null}}},"4":{"name":"tradingTimesAreEqual","line":16,"loc":{"start":{"line":16,"column":29},"end":{"line":null,"column":null}}},"5":{"name":"(anonymous_5)","line":19,"loc":{"start":{"line":19,"column":15},"end":{"line":19,"column":48}}}},"statementMap":{"1":{"start":{"line":0,"column":0},"end":{"line":0,"column":0},"skip":true},"2":{"start":{"line":1,"column":0},"end":{"line":null,"column":null}},"3":{"start":{"line":0,"column":0},"end":{"line":0,"column":0},"skip":true},"4":{"start":{"line":2,"column":0},"end":{"line":null,"column":null}},"5":{"start":{"line":0,"column":0},"end":{"line":0,"column":0},"skip":true},"6":{"start":{"line":3,"column":0},"end":{"line":null,"column":null}},"7":{"start":{"line":0,"column":0},"end":{"line":0,"column":0},"skip":true},"8":{"start":{"line":4,"column":0},"end":{"line":null,"column":null}},"9":{"start":{"line":0,"column":0},"end":{"line":0,"column":0},"skip":true},"10":{"start":{"line":5,"column":0},"end":{"line":null,"column":null}},"11":{"start":{"line":0,"column":0},"end":{"line":0,"column":0},"skip":true},"12":{"start":{"line":0,"column":0},"end":{"line":0,"column":0},"skip":true},"13":{"start":{"line":0,"column":0},"end":{"line":0,"column":0},"skip":true},"14":{"start":{"line":8,"column":0},"end":{"line":null,"column":null}},"15":{"start":{"line":9,"column":4},"end":{"line":null,"column":null}},"16":{"start":{"line":12,"column":0},"end":{"line":null,"column":null}},"17":{"start":{"line":13,"column":4},"end":{"line":null,"column":null}},"18":{"start":{"line":16,"column":0},"end":{"line":null,"column":null}},"19":{"start":{"line":17,"column":4},"end":{"line":null,"column":null}},"20":{"start":{"line":19,"column":15},"end":{"line":null,"column":null}},"21":{"start":{"line":20,"column":8},"end":{"line":20,"column":4}},"22":{"start":{"line":21,"column":20},"end":{"line":20,"column":46}},"23":{"start":{"line":24,"column":8},"end":{"line":24,"column":4}},"24":{"start":{"line":25,"column":16},"end":{"line":24,"column":50}},"25":{"start":{"line":25,"column":26},"end":{"line":24,"column":50}},"26":{"start":{"line":25,"column":33},"end":{"line":24,"column":50}},"27":{"start":{"line":26,"column":23},"end":{"line":24,"column":50}},"28":{"start":{"line":29,"column":8},"end":{"line":29,"column":4}},"29":{"start":{"line":30,"column":16},"end":{"line":29,"column":53}},"30":{"start":{"line":31,"column":27},"end":{"line":29,"column":53}}},"branchMap":{"1":{"line":0,"type":"cond-expr","locations":[{"start":{"line":0,"column":0},"end":{"line":0,"column":0},"skip":true},{"start":{"line":0,"column":0},"end":{"line":0,"column":0},"skip":true}]},"2":{"line":0,"type":"binary-expr","locations":[{"start":{"line":0,"column":0},"end":{"line":0,"column":0},"skip":true},{"start":{"line":0,"column":0},"end":{"line":0,"column":0},"skip":true}]},"3":{"line":9,"type":"binary-expr","locations":[{"start":{"line":9,"column":4},"end":{"line":9,"column":25}},{"start":{"line":10,"column":4},"end":{"line":9,"column":4}}]},"4":{"line":13,"type":"binary-expr","locations":[{"start":{"line":13,"column":4},"end":{"line":13,"column":4}},{"start":{"line":14,"column":8},"end":{"line":13,"column":4}}]},"5":{"line":20,"type":"if","locations":[{"start":{"line":20,"column":8},"end":{"line":20,"column":8}},{"start":{"line":20,"column":8},"end":{"line":20,"column":8}}]},"6":{"line":24,"type":"if","locations":[{"start":{"line":24,"column":8},"end":{"line":24,"column":8}},{"start":{"line":24,"column":8},"end":{"line":24,"column":8}}]},"7":{"line":29,"type":"if","locations":[{"start":{"line":29,"column":8},"end":{"line":29,"column":8}},{"start":{"line":29,"column":8},"end":{"line":29,"column":8}}]}}},"/Users/qingwei/projects/binary-charts/src/config/updateTicks.js":{"path":"/Users/qingwei/projects/binary-charts/src/config/updateTicks.js","s":{"1":1,"2":1,"3":1,"4":1,"5":1,"6":1,"7":1,"8":1,"9":3,"10":1,"11":0,"12":0,"13":0,"14":0,"15":0},"b":{"1":[3,0],"2":[3,3],"3":[0,0]},"f":{"1":3,"2":0},"fnMap":{"1":{"name":"_interopRequireDefault","line":0,"loc":{"start":{"line":0,"column":0},"end":{"line":0,"column":0}},"skip":true},"2":{"name":"(anonymous_2)","line":5,"loc":{"start":{"line":5,"column":15},"end":{"line":5,"column":49}}}},"statementMap":{"1":{"start":{"line":0,"column":0},"end":{"line":0,"column":0},"skip":true},"2":{"start":{"line":1,"column":0},"end":{"line":null,"column":null}},"3":{"start":{"line":0,"column":0},"end":{"line":0,"column":0},"skip":true},"4":{"start":{"line":2,"column":0},"end":{"line":null,"column":null}},"5":{"start":{"line":0,"column":0},"end":{"line":0,"column":0},"skip":true},"6":{"start":{"line":3,"column":0},"end":{"line":null,"column":null}},"7":{"start":{"line":0,"column":0},"end":{"line":0,"column":0},"skip":true},"8":{"start":{"line":0,"column":0},"end":{"line":0,"column":0},"skip":true},"9":{"start":{"line":0,"column":0},"end":{"line":0,"column":0},"skip":true},"10":{"start":{"line":5,"column":15},"end":{"line":null,"column":null}},"11":{"start":{"line":6,"column":10},"end":{"line":5,"column":49}},"12":{"start":{"line":8,"column":8},"end":{"line":8,"column":4}},"13":{"start":{"line":9,"column":14},"end":{"line":8,"column":21}},"14":{"start":{"line":10,"column":15},"end":{"line":8,"column":21}},"15":{"start":{"line":12,"column":15},"end":{"line":11,"column":11}}},"branchMap":{"1":{"line":0,"type":"cond-expr","locations":[{"start":{"line":0,"column":0},"end":{"line":0,"column":0},"skip":true},{"start":{"line":0,"column":0},"end":{"line":0,"column":0},"skip":true}]},"2":{"line":0,"type":"binary-expr","locations":[{"start":{"line":0,"column":0},"end":{"line":0,"column":0},"skip":true},{"start":{"line":0,"column":0},"end":{"line":0,"column":0},"skip":true}]},"3":{"line":8,"type":"if","locations":[{"start":{"line":8,"column":8},"end":{"line":8,"column":8}},{"start":{"line":8,"column":8},"end":{"line":8,"column":8}}]}}},"/Users/qingwei/projects/binary-charts/src/config/updateContract.js":{"path":"/Users/qingwei/projects/binary-charts/src/config/updateContract.js","s":{"1":1,"2":1,"3":1,"4":1,"5":1,"6":1,"7":1,"8":1,"9":3,"10":1,"11":0,"12":0,"13":0,"14":1,"15":0,"16":0,"17":0,"18":1,"19":0,"20":0,"21":0,"22":0,"23":0,"24":0,"25":0,"26":0,"27":0},"b":{"1":[3,0],"2":[3,3],"3":[0,0]},"f":{"1":3,"2":0,"3":0,"4":0,"5":0,"6":0},"fnMap":{"1":{"name":"_interopRequireDefault","line":0,"loc":{"start":{"line":0,"column":0},"end":{"line":0,"column":0}},"skip":true},"2":{"name":"replacePlotBands","line":5,"loc":{"start":{"line":5,"column":25},"end":{"line":5,"column":49}}},"3":{"name":"(anonymous_3)","line":7,"loc":{"start":{"line":7,"column":25},"end":{"line":null,"column":null}}},"4":{"name":"replacePlotLines","line":10,"loc":{"start":{"line":10,"column":25},"end":{"line":10,"column":49}}},"5":{"name":"(anonymous_5)","line":12,"loc":{"start":{"line":12,"column":25},"end":{"line":12,"column":33}}},"6":{"name":"(anonymous_6)","line":17,"loc":{"start":{"line":17,"column":15},"end":{"line":17,"column":54}}}},"statementMap":{"1":{"start":{"line":0,"column":0},"end":{"line":0,"column":0},"skip":true},"2":{"start":{"line":1,"column":0},"end":{"line":null,"column":null}},"3":{"start":{"line":0,"column":0},"end":{"line":0,"column":0},"skip":true},"4":{"start":{"line":2,"column":0},"end":{"line":null,"column":null}},"5":{"start":{"line":0,"column":0},"end":{"line":0,"column":0},"skip":true},"6":{"start":{"line":3,"column":0},"end":{"line":null,"column":null}},"7":{"start":{"line":0,"column":0},"end":{"line":0,"column":0},"skip":true},"8":{"start":{"line":0,"column":0},"end":{"line":0,"column":0},"skip":true},"9":{"start":{"line":0,"column":0},"end":{"line":0,"column":0},"skip":true},"10":{"start":{"line":5,"column":0},"end":{"line":null,"column":null}},"11":{"start":{"line":6,"column":9},"end":{"line":5,"column":49}},"12":{"start":{"line":7,"column":17},"end":{"line":5,"column":49}},"13":{"start":{"line":7,"column":33},"end":{"line":null,"column":null}},"14":{"start":{"line":10,"column":0},"end":{"line":null,"column":null}},"15":{"start":{"line":11,"column":9},"end":{"line":10,"column":49}},"16":{"start":{"line":12,"column":17},"end":{"line":10,"column":49}},"17":{"start":{"line":13,"column":13},"end":{"line":12,"column":33}},"18":{"start":{"line":17,"column":15},"end":{"line":null,"column":null}},"19":{"start":{"line":17,"column":18},"end":{"line":17,"column":54}},"20":{"start":{"line":17,"column":25},"end":{"line":17,"column":54}},"21":{"start":{"line":17,"column":35},"end":{"line":17,"column":54}},"22":{"start":{"line":17,"column":42},"end":{"line":17,"column":54}},"23":{"start":{"line":18,"column":10},"end":{"line":17,"column":54}},"24":{"start":{"line":19,"column":10},"end":{"line":17,"column":54}},"25":{"start":{"line":20,"column":21},"end":{"line":17,"column":54}},"26":{"start":{"line":22,"column":10},"end":{"line":17,"column":54}},"27":{"start":{"line":23,"column":21},"end":{"line":null,"column":null}}},"branchMap":{"1":{"line":0,"type":"cond-expr","locations":[{"start":{"line":0,"column":0},"end":{"line":0,"column":0},"skip":true},{"start":{"line":0,"column":0},"end":{"line":0,"column":0},"skip":true}]},"2":{"line":0,"type":"binary-expr","locations":[{"start":{"line":0,"column":0},"end":{"line":0,"column":0},"skip":true},{"start":{"line":0,"column":0},"end":{"line":0,"column":0},"skip":true}]},"3":{"line":19,"type":"binary-expr","locations":[{"start":{"line":19,"column":54},"end":{"line":19,"column":66}},{"start":{"line":19,"column":66},"end":{"line":19,"column":54}}]}}},"/Users/qingwei/projects/binary-charts/src/config/plotBandsForContractAndTrade.js":{"path":"/Users/qingwei/projects/binary-charts/src/config/plotBandsForContractAndTrade.js","s":{"1":1,"2":1,"3":1,"4":1,"5":1,"6":1,"7":0,"8":0,"9":0,"10":0,"11":0,"12":0,"13":0,"14":1,"15":3,"16":1,"17":2,"18":2,"19":0,"20":2,"21":2,"22":1,"23":1},"b":{"1":[1,0],"2":[1,1],"3":[0,0],"4":[0,0],"5":[1,2],"6":[2,2],"7":[0,2],"8":[1,1]},"f":{"1":1,"2":3},"fnMap":{"1":{"name":"_interopRequireWildcard","line":0,"loc":{"start":{"line":0,"column":0},"end":{"line":0,"column":0}},"skip":true},"2":{"name":"(anonymous_2)","line":3,"loc":{"start":{"line":3,"column":15},"end":{"line":3,"column":46}}}},"statementMap":{"1":{"start":{"line":0,"column":0},"end":{"line":0,"column":0},"skip":true},"2":{"start":{"line":1,"column":0},"end":{"line":null,"column":null}},"3":{"start":{"line":1,"column":12},"end":{"line":null,"column":null}},"4":{"start":{"line":0,"column":0},"end":{"line":0,"column":0},"skip":true},"5":{"start":{"line":0,"column":0},"end":{"line":0,"column":0},"skip":true},"6":{"start":{"line":0,"column":0},"end":{"line":0,"column":0},"skip":true},"7":{"start":{"line":0,"column":0},"end":{"line":0,"column":0},"skip":true},"8":{"start":{"line":0,"column":0},"end":{"line":0,"column":0},"skip":true},"9":{"start":{"line":0,"column":0},"end":{"line":0,"column":0},"skip":true},"10":{"start":{"line":0,"column":0},"end":{"line":0,"column":0},"skip":true},"11":{"start":{"line":0,"column":0},"end":{"line":0,"column":0},"skip":true},"12":{"start":{"line":0,"column":0},"end":{"line":0,"column":0},"skip":true},"13":{"start":{"line":0,"column":0},"end":{"line":0,"column":0},"skip":true},"14":{"start":{"line":3,"column":15},"end":{"line":null,"column":null}},"15":{"start":{"line":4,"column":8},"end":{"line":4,"column":4}},"16":{"start":{"line":4,"column":26},"end":{"line":4,"column":4}},"17":{"start":{"line":5,"column":10},"end":{"line":3,"column":46}},"18":{"start":{"line":6,"column":8},"end":{"line":6,"column":4}},"19":{"start":{"line":6,"column":15},"end":{"line":6,"column":4}},"20":{"start":{"line":7,"column":10},"end":{"line":3,"column":46}},"21":{"start":{"line":9,"column":8},"end":{"line":9,"column":4}},"22":{"start":{"line":9,"column":21},"end":{"line":9,"column":4}},"23":{"start":{"line":10,"column":11},"end":{"line":3,"column":46}}},"branchMap":{"1":{"line":0,"type":"if","locations":[{"start":{"line":0,"column":0},"end":{"line":0,"column":0},"skip":true},{"start":{"line":0,"column":0},"end":{"line":0,"column":0},"skip":true}]},"2":{"line":0,"type":"binary-expr","locations":[{"start":{"line":0,"column":0},"end":{"line":0,"column":0},"skip":true},{"start":{"line":0,"column":0},"end":{"line":0,"column":0},"skip":true}]},"3":{"line":0,"type":"if","locations":[{"start":{"line":0,"column":0},"end":{"line":0,"column":0},"skip":true},{"start":{"line":0,"column":0},"end":{"line":0,"column":0},"skip":true}]},"4":{"line":0,"type":"if","locations":[{"start":{"line":0,"column":0},"end":{"line":0,"column":0},"skip":true},{"start":{"line":0,"column":0},"end":{"line":0,"column":0},"skip":true}]},"5":{"line":4,"type":"if","locations":[{"start":{"line":4,"column":8},"end":{"line":4,"column":8}},{"start":{"line":4,"column":8},"end":{"line":4,"column":8}}]},"6":{"line":5,"type":"binary-expr","locations":[{"start":{"line":5,"column":17},"end":{"line":5,"column":17}},{"start":{"line":5,"column":41},"end":{"line":5,"column":41}}]},"7":{"line":6,"type":"if","locations":[{"start":{"line":6,"column":8},"end":{"line":6,"column":8}},{"start":{"line":6,"column":8},"end":{"line":6,"column":8}}]},"8":{"line":9,"type":"if","locations":[{"start":{"line":9,"column":8},"end":{"line":9,"column":8}},{"start":{"line":9,"column":8},"end":{"line":9,"column":8}}]}}},"/Users/qingwei/projects/binary-charts/src/plot-bands/index.js":{"path":"/Users/qingwei/projects/binary-charts/src/plot-bands/index.js","s":{"1":1,"2":1,"3":1,"4":1,"5":1,"6":1,"7":1,"8":1,"9":1,"10":1,"11":1,"12":1,"13":1,"14":1,"15":1,"16":1,"17":1,"18":1,"19":1,"20":1,"21":1,"22":1,"23":1,"24":1,"25":1,"26":1,"27":1,"28":1,"29":1,"30":1,"31":1,"32":1,"33":1,"34":1,"35":1,"36":1,"37":1,"38":1,"39":1,"40":18,"41":1,"42":1,"43":1,"44":1,"45":1,"46":1,"47":1,"48":1,"49":1,"50":1,"51":1,"52":1,"53":1,"54":1,"55":1,"56":1,"57":1,"58":1},"b":{"1":[18,0],"2":[18,18]},"f":{"1":18},"fnMap":{"1":{"name":"_interopRequireDefault","line":0,"loc":{"start":{"line":0,"column":0},"end":{"line":0,"column":0}},"skip":true}},"statementMap":{"1":{"start":{"line":0,"column":0},"end":{"line":0,"column":0},"skip":true},"2":{"start":{"line":0,"column":0},"end":{"line":0,"column":0},"skip":true},"3":{"start":{"line":0,"column":0},"end":{"line":0,"column":0},"skip":true},"4":{"start":{"line":0,"column":0},"end":{"line":0,"column":0},"skip":true},"5":{"start":{"line":0,"column":0},"end":{"line":0,"column":0},"skip":true},"6":{"start":{"line":0,"column":0},"end":{"line":0,"column":0},"skip":true},"7":{"start":{"line":0,"column":0},"end":{"line":0,"column":0},"skip":true},"8":{"start":{"line":0,"column":0},"end":{"line":0,"column":0},"skip":true},"9":{"start":{"line":0,"column":0},"end":{"line":0,"column":0},"skip":true},"10":{"start":{"line":0,"column":0},"end":{"line":0,"column":0},"skip":true},"11":{"start":{"line":0,"column":0},"end":{"line":0,"column":0},"skip":true},"12":{"start":{"line":0,"column":0},"end":{"line":0,"column":0},"skip":true},"13":{"start":{"line":0,"column":0},"end":{"line":0,"column":0},"skip":true},"14":{"start":{"line":0,"column":0},"end":{"line":0,"column":0},"skip":true},"15":{"start":{"line":0,"column":0},"end":{"line":0,"column":0},"skip":true},"16":{"start":{"line":0,"column":0},"end":{"line":0,"column":0},"skip":true},"17":{"start":{"line":0,"column":0},"end":{"line":0,"column":0},"skip":true},"18":{"start":{"line":0,"column":0},"end":{"line":0,"column":0},"skip":true},"19":{"start":{"line":0,"column":0},"end":{"line":0,"column":0},"skip":true},"20":{"start":{"line":0,"column":0},"end":{"line":0,"column":0},"skip":true},"21":{"start":{"line":0,"column":0},"end":{"line":0,"column":0},"skip":true},"22":{"start":{"line":0,"column":0},"end":{"line":0,"column":0},"skip":true},"23":{"start":{"line":0,"column":0},"end":{"line":0,"column":0},"skip":true},"24":{"start":{"line":0,"column":0},"end":{"line":0,"column":0},"skip":true},"25":{"start":{"line":0,"column":0},"end":{"line":0,"column":0},"skip":true},"26":{"start":{"line":0,"column":0},"end":{"line":0,"column":0},"skip":true},"27":{"start":{"line":0,"column":0},"end":{"line":0,"column":0},"skip":true},"28":{"start":{"line":0,"column":0},"end":{"line":0,"column":0},"skip":true},"29":{"start":{"line":0,"column":0},"end":{"line":0,"column":0},"skip":true},"30":{"start":{"line":0,"column":0},"end":{"line":0,"column":0},"skip":true},"31":{"start":{"line":0,"column":0},"end":{"line":0,"column":0},"skip":true},"32":{"start":{"line":0,"column":0},"end":{"line":0,"column":0},"skip":true},"33":{"start":{"line":0,"column":0},"end":{"line":0,"column":0},"skip":true},"34":{"start":{"line":0,"column":0},"end":{"line":0,"column":0},"skip":true},"35":{"start":{"line":0,"column":0},"end":{"line":0,"column":0},"skip":true},"36":{"start":{"line":0,"column":0},"end":{"line":0,"column":0},"skip":true},"37":{"start":{"line":0,"column":0},"end":{"line":0,"column":0},"skip":true},"38":{"start":{"line":0,"column":0},"end":{"line":0,"column":0},"skip":true},"39":{"start":{"line":0,"column":0},"end":{"line":0,"column":0},"skip":true},"40":{"start":{"line":0,"column":0},"end":{"line":0,"column":0},"skip":true},"41":{"start":{"line":1,"column":7},"end":{"line":null,"column":null}},"42":{"start":{"line":2,"column":7},"end":{"line":null,"column":null}},"43":{"start":{"line":3,"column":7},"end":{"line":null,"column":null}},"44":{"start":{"line":4,"column":7},"end":{"line":null,"column":null}},"45":{"start":{"line":5,"column":7},"end":{"line":null,"column":null}},"46":{"start":{"line":6,"column":7},"end":{"line":null,"column":null}},"47":{"start":{"line":7,"column":7},"end":{"line":null,"column":null}},"48":{"start":{"line":8,"column":7},"end":{"line":null,"column":null}},"49":{"start":{"line":9,"column":7},"end":{"line":null,"column":null}},"50":{"start":{"line":10,"column":7},"end":{"line":null,"column":null}},"51":{"start":{"line":11,"column":7},"end":{"line":null,"column":null}},"52":{"start":{"line":12,"column":7},"end":{"line":null,"column":null}},"53":{"start":{"line":13,"column":7},"end":{"line":null,"column":null}},"54":{"start":{"line":14,"column":7},"end":{"line":null,"column":null}},"55":{"start":{"line":15,"column":7},"end":{"line":null,"column":null}},"56":{"start":{"line":16,"column":7},"end":{"line":null,"column":null}},"57":{"start":{"line":17,"column":7},"end":{"line":null,"column":null}},"58":{"start":{"line":18,"column":7},"end":{"line":null,"column":null}}},"branchMap":{"1":{"line":0,"type":"cond-expr","locations":[{"start":{"line":0,"column":0},"end":{"line":0,"column":0},"skip":true},{"start":{"line":0,"column":0},"end":{"line":0,"column":0},"skip":true}]},"2":{"line":0,"type":"binary-expr","locations":[{"start":{"line":0,"column":0},"end":{"line":0,"column":0},"skip":true},{"start":{"line":0,"column":0},"end":{"line":0,"column":0},"skip":true}]}}},"/Users/qingwei/projects/binary-charts/src/plot-bands/asiandPlotBand.js":{"path":"/Users/qingwei/projects/binary-charts/src/plot-bands/asiandPlotBand.js","s":{"1":1,"2":1,"3":1,"4":0},"b":{},"f":{"1":0},"fnMap":{"1":{"name":"(anonymous_1)","line":4,"loc":{"start":{"line":4,"column":15},"end":{"line":null,"column":null}}}},"statementMap":{"1":{"start":{"line":0,"column":0},"end":{"line":0,"column":0},"skip":true},"2":{"start":{"line":1,"column":0},"end":{"line":null,"column":null}},"3":{"start":{"line":4,"column":15},"end":{"line":null,"column":null}},"4":{"start":{"line":4,"column":29},"end":{"line":null,"column":null}}},"branchMap":{}},"/Users/qingwei/projects/binary-charts/src/plot-bands/_commonPlotBands.js":{"path":"/Users/qingwei/projects/binary-charts/src/plot-bands/_commonPlotBands.js","s":{"1":1,"2":1,"3":1,"4":1,"5":1},"b":{},"f":{"1":1,"2":1},"fnMap":{"1":{"name":"winPlotBand","line":1,"loc":{"start":{"line":1,"column":27},"end":{"line":null,"column":null}}},"2":{"name":"lossPlotBand","line":16,"loc":{"start":{"line":16,"column":28},"end":{"line":null,"column":null}}}},"statementMap":{"1":{"start":{"line":0,"column":0},"end":{"line":0,"column":0},"skip":true},"2":{"start":{"line":1,"column":7},"end":{"line":null,"column":null}},"3":{"start":{"line":1,"column":42},"end":{"line":null,"column":null}},"4":{"start":{"line":16,"column":7},"end":{"line":null,"column":null}},"5":{"start":{"line":16,"column":43},"end":{"line":null,"column":null}}},"branchMap":{}},"/Users/qingwei/projects/binary-charts/src/plot-bands/asianuPlotBand.js":{"path":"/Users/qingwei/projects/binary-charts/src/plot-bands/asianuPlotBand.js","s":{"1":1,"2":1,"3":1,"4":0},"b":{},"f":{"1":0},"fnMap":{"1":{"name":"(anonymous_1)","line":4,"loc":{"start":{"line":4,"column":15},"end":{"line":null,"column":null}}}},"statementMap":{"1":{"start":{"line":0,"column":0},"end":{"line":0,"column":0},"skip":true},"2":{"start":{"line":1,"column":0},"end":{"line":null,"column":null}},"3":{"start":{"line":4,"column":15},"end":{"line":null,"column":null}},"4":{"start":{"line":4,"column":29},"end":{"line":null,"column":null}}},"branchMap":{}},"/Users/qingwei/projects/binary-charts/src/plot-bands/callPlotBand.js":{"path":"/Users/qingwei/projects/binary-charts/src/plot-bands/callPlotBand.js","s":{"1":1,"2":1,"3":1,"4":1,"5":1,"6":1,"7":1,"8":1},"b":{"1":[1,0],"2":[1,1]},"f":{"1":1,"2":1},"fnMap":{"1":{"name":"_interopRequireDefault","line":0,"loc":{"start":{"line":0,"column":0},"end":{"line":0,"column":0}},"skip":true},"2":{"name":"(anonymous_2)","line":4,"loc":{"start":{"line":4,"column":15},"end":{"line":null,"column":null}}}},"statementMap":{"1":{"start":{"line":0,"column":0},"end":{"line":0,"column":0},"skip":true},"2":{"start":{"line":1,"column":0},"end":{"line":null,"column":null}},"3":{"start":{"line":2,"column":0},"end":{"line":null,"column":null}},"4":{"start":{"line":0,"column":0},"end":{"line":0,"column":0},"skip":true},"5":{"start":{"line":0,"column":0},"end":{"line":0,"column":0},"skip":true},"6":{"start":{"line":0,"column":0},"end":{"line":0,"column":0},"skip":true},"7":{"start":{"line":4,"column":15},"end":{"line":null,"column":null}},"8":{"start":{"line":4,"column":39},"end":{"line":null,"column":null}}},"branchMap":{"1":{"line":0,"type":"cond-expr","locations":[{"start":{"line":0,"column":0},"end":{"line":0,"column":0},"skip":true},{"start":{"line":0,"column":0},"end":{"line":0,"column":0},"skip":true}]},"2":{"line":0,"type":"binary-expr","locations":[{"start":{"line":0,"column":0},"end":{"line":0,"column":0},"skip":true},{"start":{"line":0,"column":0},"end":{"line":0,"column":0},"skip":true}]}}},"/Users/qingwei/projects/binary-charts/src/plot-bands/digitDiffPlotBand.js":{"path":"/Users/qingwei/projects/binary-charts/src/plot-bands/digitDiffPlotBand.js","s":{"1":1,"2":1,"3":0},"b":{},"f":{"1":0},"fnMap":{"1":{"name":"(anonymous_1)","line":1,"loc":{"start":{"line":1,"column":15},"end":{"line":null,"column":null}}}},"statementMap":{"1":{"start":{"line":0,"column":0},"end":{"line":0,"column":0},"skip":true},"2":{"start":{"line":1,"column":15},"end":{"line":null,"column":null}},"3":{"start":{"line":1,"column":21},"end":{"line":null,"column":null}}},"branchMap":{}},"/Users/qingwei/projects/binary-charts/src/plot-bands/digitEvenPlotBand.js":{"path":"/Users/qingwei/projects/binary-charts/src/plot-bands/digitEvenPlotBand.js","s":{"1":1,"2":1,"3":0},"b":{},"f":{"1":0},"fnMap":{"1":{"name":"(anonymous_1)","line":1,"loc":{"start":{"line":1,"column":15},"end":{"line":null,"column":null}}}},"statementMap":{"1":{"start":{"line":0,"column":0},"end":{"line":0,"column":0},"skip":true},"2":{"start":{"line":1,"column":15},"end":{"line":null,"column":null}},"3":{"start":{"line":1,"column":21},"end":{"line":null,"column":null}}},"branchMap":{}},"/Users/qingwei/projects/binary-charts/src/plot-bands/digitMatchPlotBand.js":{"path":"/Users/qingwei/projects/binary-charts/src/plot-bands/digitMatchPlotBand.js","s":{"1":1,"2":1,"3":0},"b":{},"f":{"1":0},"fnMap":{"1":{"name":"(anonymous_1)","line":1,"loc":{"start":{"line":1,"column":15},"end":{"line":null,"column":null}}}},"statementMap":{"1":{"start":{"line":0,"column":0},"end":{"line":0,"column":0},"skip":true},"2":{"start":{"line":1,"column":15},"end":{"line":null,"column":null}},"3":{"start":{"line":1,"column":21},"end":{"line":null,"column":null}}},"branchMap":{}},"/Users/qingwei/projects/binary-charts/src/plot-bands/digitOddPlotBand.js":{"path":"/Users/qingwei/projects/binary-charts/src/plot-bands/digitOddPlotBand.js","s":{"1":1,"2":1,"3":0},"b":{},"f":{"1":0},"fnMap":{"1":{"name":"(anonymous_1)","line":1,"loc":{"start":{"line":1,"column":15},"end":{"line":null,"column":null}}}},"statementMap":{"1":{"start":{"line":0,"column":0},"end":{"line":0,"column":0},"skip":true},"2":{"start":{"line":1,"column":15},"end":{"line":null,"column":null}},"3":{"start":{"line":1,"column":21},"end":{"line":null,"column":null}}},"branchMap":{}},"/Users/qingwei/projects/binary-charts/src/plot-bands/digitOverPlotBand.js":{"path":"/Users/qingwei/projects/binary-charts/src/plot-bands/digitOverPlotBand.js","s":{"1":1,"2":1,"3":0},"b":{},"f":{"1":0},"fnMap":{"1":{"name":"(anonymous_1)","line":1,"loc":{"start":{"line":1,"column":15},"end":{"line":null,"column":null}}}},"statementMap":{"1":{"start":{"line":0,"column":0},"end":{"line":0,"column":0},"skip":true},"2":{"start":{"line":1,"column":15},"end":{"line":null,"column":null}},"3":{"start":{"line":1,"column":21},"end":{"line":null,"column":null}}},"branchMap":{}},"/Users/qingwei/projects/binary-charts/src/plot-bands/digitUnderPlotBand.js":{"path":"/Users/qingwei/projects/binary-charts/src/plot-bands/digitUnderPlotBand.js","s":{"1":1,"2":1,"3":0},"b":{},"f":{"1":0},"fnMap":{"1":{"name":"(anonymous_1)","line":1,"loc":{"start":{"line":1,"column":15},"end":{"line":null,"column":null}}}},"statementMap":{"1":{"start":{"line":0,"column":0},"end":{"line":0,"column":0},"skip":true},"2":{"start":{"line":1,"column":15},"end":{"line":null,"column":null}},"3":{"start":{"line":1,"column":21},"end":{"line":null,"column":null}}},"branchMap":{}},"/Users/qingwei/projects/binary-charts/src/plot-bands/expiryMissPlotBand.js":{"path":"/Users/qingwei/projects/binary-charts/src/plot-bands/expiryMissPlotBand.js","s":{"1":1,"2":1,"3":1,"4":1,"5":1,"6":1},"b":{"1":[1,0],"2":[1,1]},"f":{"1":1},"fnMap":{"1":{"name":"_interopRequireDefault","line":0,"loc":{"start":{"line":0,"column":0},"end":{"line":0,"column":0}},"skip":true}},"statementMap":{"1":{"start":{"line":0,"column":0},"end":{"line":0,"column":0},"skip":true},"2":{"start":{"line":1,"column":0},"end":{"line":null,"column":null}},"3":{"start":{"line":0,"column":0},"end":{"line":0,"column":0},"skip":true},"4":{"start":{"line":0,"column":0},"end":{"line":0,"column":0},"skip":true},"5":{"start":{"line":0,"column":0},"end":{"line":0,"column":0},"skip":true},"6":{"start":{"line":0,"column":0},"end":{"line":0,"column":0},"skip":true}},"branchMap":{"1":{"line":0,"type":"cond-expr","locations":[{"start":{"line":0,"column":0},"end":{"line":0,"column":0},"skip":true},{"start":{"line":0,"column":0},"end":{"line":0,"column":0},"skip":true}]},"2":{"line":0,"type":"binary-expr","locations":[{"start":{"line":0,"column":0},"end":{"line":0,"column":0},"skip":true},{"start":{"line":0,"column":0},"end":{"line":0,"column":0},"skip":true}]}}},"/Users/qingwei/projects/binary-charts/src/plot-bands/upOrDownPlotBand.js":{"path":"/Users/qingwei/projects/binary-charts/src/plot-bands/upOrDownPlotBand.js","s":{"1":1,"2":1,"3":1,"4":1,"5":1,"6":1,"7":1,"8":2,"9":1,"10":0},"b":{"1":[2,0],"2":[2,2]},"f":{"1":2,"2":0},"fnMap":{"1":{"name":"_interopRequireDefault","line":0,"loc":{"start":{"line":0,"column":0},"end":{"line":0,"column":0}},"skip":true},"2":{"name":"(anonymous_2)","line":5,"loc":{"start":{"line":5,"column":15},"end":{"line":null,"column":null}}}},"statementMap":{"1":{"start":{"line":0,"column":0},"end":{"line":0,"column":0},"skip":true},"2":{"start":{"line":1,"column":0},"end":{"line":null,"column":null}},"3":{"start":{"line":2,"column":0},"end":{"line":null,"column":null}},"4":{"start":{"line":0,"column":0},"end":{"line":0,"column":0},"skip":true},"5":{"start":{"line":3,"column":0},"end":{"line":null,"column":null}},"6":{"start":{"line":0,"column":0},"end":{"line":0,"column":0},"skip":true},"7":{"start":{"line":0,"column":0},"end":{"line":0,"column":0},"skip":true},"8":{"start":{"line":0,"column":0},"end":{"line":0,"column":0},"skip":true},"9":{"start":{"line":5,"column":15},"end":{"line":null,"column":null}},"10":{"start":{"line":5,"column":39},"end":{"line":null,"column":null}}},"branchMap":{"1":{"line":0,"type":"cond-expr","locations":[{"start":{"line":0,"column":0},"end":{"line":0,"column":0},"skip":true},{"start":{"line":0,"column":0},"end":{"line":0,"column":0},"skip":true}]},"2":{"line":0,"type":"binary-expr","locations":[{"start":{"line":0,"column":0},"end":{"line":0,"column":0},"skip":true},{"start":{"line":0,"column":0},"end":{"line":0,"column":0},"skip":true}]}}},"/Users/qingwei/projects/binary-charts/src/plot-bands/expiryRangePlotBand.js":{"path":"/Users/qingwei/projects/binary-charts/src/plot-bands/expiryRangePlotBand.js","s":{"1":1,"2":1,"3":1,"4":1,"5":1,"6":1},"b":{"1":[1,0],"2":[1,1]},"f":{"1":1},"fnMap":{"1":{"name":"_interopRequireDefault","line":0,"loc":{"start":{"line":0,"column":0},"end":{"line":0,"column":0}},"skip":true}},"statementMap":{"1":{"start":{"line":0,"column":0},"end":{"line":0,"column":0},"skip":true},"2":{"start":{"line":1,"column":0},"end":{"line":null,"column":null}},"3":{"start":{"line":0,"column":0},"end":{"line":0,"column":0},"skip":true},"4":{"start":{"line":0,"column":0},"end":{"line":0,"column":0},"skip":true},"5":{"start":{"line":0,"column":0},"end":{"line":0,"column":0},"skip":true},"6":{"start":{"line":0,"column":0},"end":{"line":0,"column":0},"skip":true}},"branchMap":{"1":{"line":0,"type":"cond-expr","locations":[{"start":{"line":0,"column":0},"end":{"line":0,"column":0},"skip":true},{"start":{"line":0,"column":0},"end":{"line":0,"column":0},"skip":true}]},"2":{"line":0,"type":"binary-expr","locations":[{"start":{"line":0,"column":0},"end":{"line":0,"column":0},"skip":true},{"start":{"line":0,"column":0},"end":{"line":0,"column":0},"skip":true}]}}},"/Users/qingwei/projects/binary-charts/src/plot-bands/rangePlotBand.js":{"path":"/Users/qingwei/projects/binary-charts/src/plot-bands/rangePlotBand.js","s":{"1":1,"2":1,"3":1,"4":1,"5":1,"6":1,"7":1,"8":2,"9":1,"10":0},"b":{"1":[2,0],"2":[2,2]},"f":{"1":2,"2":0},"fnMap":{"1":{"name":"_interopRequireDefault","line":0,"loc":{"start":{"line":0,"column":0},"end":{"line":0,"column":0}},"skip":true},"2":{"name":"(anonymous_2)","line":5,"loc":{"start":{"line":5,"column":15},"end":{"line":null,"column":null}}}},"statementMap":{"1":{"start":{"line":0,"column":0},"end":{"line":0,"column":0},"skip":true},"2":{"start":{"line":1,"column":0},"end":{"line":null,"column":null}},"3":{"start":{"line":2,"column":0},"end":{"line":null,"column":null}},"4":{"start":{"line":0,"column":0},"end":{"line":0,"column":0},"skip":true},"5":{"start":{"line":3,"column":0},"end":{"line":null,"column":null}},"6":{"start":{"line":0,"column":0},"end":{"line":0,"column":0},"skip":true},"7":{"start":{"line":0,"column":0},"end":{"line":0,"column":0},"skip":true},"8":{"start":{"line":0,"column":0},"end":{"line":0,"column":0},"skip":true},"9":{"start":{"line":5,"column":15},"end":{"line":null,"column":null}},"10":{"start":{"line":5,"column":39},"end":{"line":null,"column":null}}},"branchMap":{"1":{"line":0,"type":"cond-expr","locations":[{"start":{"line":0,"column":0},"end":{"line":0,"column":0},"skip":true},{"start":{"line":0,"column":0},"end":{"line":0,"column":0},"skip":true}]},"2":{"line":0,"type":"binary-expr","locations":[{"start":{"line":0,"column":0},"end":{"line":0,"column":0},"skip":true},{"start":{"line":0,"column":0},"end":{"line":0,"column":0},"skip":true}]}}},"/Users/qingwei/projects/binary-charts/src/plot-bands/noTouchPlotBand.js":{"path":"/Users/qingwei/projects/binary-charts/src/plot-bands/noTouchPlotBand.js","s":{"1":1,"2":1,"3":0},"b":{},"f":{"1":0},"fnMap":{"1":{"name":"(anonymous_1)","line":1,"loc":{"start":{"line":1,"column":15},"end":{"line":null,"column":null}}}},"statementMap":{"1":{"start":{"line":0,"column":0},"end":{"line":0,"column":0},"skip":true},"2":{"start":{"line":1,"column":15},"end":{"line":null,"column":null}},"3":{"start":{"line":1,"column":21},"end":{"line":null,"column":null}}},"branchMap":{}},"/Users/qingwei/projects/binary-charts/src/plot-bands/oneTouchPlotBand.js":{"path":"/Users/qingwei/projects/binary-charts/src/plot-bands/oneTouchPlotBand.js","s":{"1":1,"2":1,"3":0},"b":{},"f":{"1":0},"fnMap":{"1":{"name":"(anonymous_1)","line":1,"loc":{"start":{"line":1,"column":15},"end":{"line":null,"column":null}}}},"statementMap":{"1":{"start":{"line":0,"column":0},"end":{"line":0,"column":0},"skip":true},"2":{"start":{"line":1,"column":15},"end":{"line":null,"column":null}},"3":{"start":{"line":1,"column":21},"end":{"line":null,"column":null}}},"branchMap":{}},"/Users/qingwei/projects/binary-charts/src/plot-bands/putPlotBand.js":{"path":"/Users/qingwei/projects/binary-charts/src/plot-bands/putPlotBand.js","s":{"1":1,"2":1,"3":1,"4":1,"5":1,"6":1,"7":1,"8":0},"b":{"1":[1,0],"2":[1,1]},"f":{"1":1,"2":0},"fnMap":{"1":{"name":"_interopRequireDefault","line":0,"loc":{"start":{"line":0,"column":0},"end":{"line":0,"column":0}},"skip":true},"2":{"name":"(anonymous_2)","line":4,"loc":{"start":{"line":4,"column":15},"end":{"line":null,"column":null}}}},"statementMap":{"1":{"start":{"line":0,"column":0},"end":{"line":0,"column":0},"skip":true},"2":{"start":{"line":1,"column":0},"end":{"line":null,"column":null}},"3":{"start":{"line":0,"column":0},"end":{"line":0,"column":0},"skip":true},"4":{"start":{"line":2,"column":0},"end":{"line":null,"column":null}},"5":{"start":{"line":0,"column":0},"end":{"line":0,"column":0},"skip":true},"6":{"start":{"line":0,"column":0},"end":{"line":0,"column":0},"skip":true},"7":{"start":{"line":4,"column":15},"end":{"line":null,"column":null}},"8":{"start":{"line":4,"column":39},"end":{"line":null,"column":null}}},"branchMap":{"1":{"line":0,"type":"cond-expr","locations":[{"start":{"line":0,"column":0},"end":{"line":0,"column":0},"skip":true},{"start":{"line":0,"column":0},"end":{"line":0,"column":0},"skip":true}]},"2":{"line":0,"type":"binary-expr","locations":[{"start":{"line":0,"column":0},"end":{"line":0,"column":0},"skip":true},{"start":{"line":0,"column":0},"end":{"line":0,"column":0},"skip":true}]}}},"/Users/qingwei/projects/binary-charts/src/plot-bands/spreaddPlotBand.js":{"path":"/Users/qingwei/projects/binary-charts/src/plot-bands/spreaddPlotBand.js","s":{"1":1,"2":1,"3":0},"b":{},"f":{"1":0},"fnMap":{"1":{"name":"(anonymous_1)","line":1,"loc":{"start":{"line":1,"column":15},"end":{"line":null,"column":null}}}},"statementMap":{"1":{"start":{"line":0,"column":0},"end":{"line":0,"column":0},"skip":true},"2":{"start":{"line":1,"column":15},"end":{"line":null,"column":null}},"3":{"start":{"line":1,"column":21},"end":{"line":null,"column":null}}},"branchMap":{}},"/Users/qingwei/projects/binary-charts/src/plot-bands/spreaduPlotBand.js":{"path":"/Users/qingwei/projects/binary-charts/src/plot-bands/spreaduPlotBand.js","s":{"1":1,"2":1,"3":0},"b":{},"f":{"1":0},"fnMap":{"1":{"name":"(anonymous_1)","line":1,"loc":{"start":{"line":1,"column":15},"end":{"line":null,"column":null}}}},"statementMap":{"1":{"start":{"line":0,"column":0},"end":{"line":0,"column":0},"skip":true},"2":{"start":{"line":1,"column":15},"end":{"line":null,"column":null}},"3":{"start":{"line":1,"column":21},"end":{"line":null,"column":null}}},"branchMap":{}},"/Users/qingwei/projects/binary-charts/src/plot-lines/dateEntryPlotLines.js":{"path":"/Users/qingwei/projects/binary-charts/src/plot-lines/dateEntryPlotLines.js","s":{"1":1,"2":1,"3":1,"4":1,"5":1,"6":1,"7":2,"8":1,"9":1,"10":1,"11":0,"12":0},"b":{"1":[2,0],"2":[2,2],"3":[0,0]},"f":{"1":2,"2":0,"3":0},"fnMap":{"1":{"name":"_interopRequireDefault","line":0,"loc":{"start":{"line":0,"column":0},"end":{"line":0,"column":0}},"skip":true},"2":{"name":"(anonymous_2)","line":17,"loc":{"start":{"line":17,"column":15},"end":{"line":null,"column":null}}},"3":{"name":"(anonymous_3)","line":20,"loc":{"start":{"line":20,"column":26},"end":{"line":null,"column":null}}}},"statementMap":{"1":{"start":{"line":0,"column":0},"end":{"line":0,"column":0},"skip":true},"2":{"start":{"line":1,"column":0},"end":{"line":null,"column":null}},"3":{"start":{"line":0,"column":0},"end":{"line":0,"column":0},"skip":true},"4":{"start":{"line":2,"column":0},"end":{"line":null,"column":null}},"5":{"start":{"line":0,"column":0},"end":{"line":0,"column":0},"skip":true},"6":{"start":{"line":0,"column":0},"end":{"line":0,"column":0},"skip":true},"7":{"start":{"line":0,"column":0},"end":{"line":0,"column":0},"skip":true},"8":{"start":{"line":4,"column":0},"end":{"line":null,"column":null}},"9":{"start":{"line":6,"column":0},"end":{"line":null,"column":null}},"10":{"start":{"line":17,"column":15},"end":{"line":null,"column":null}},"11":{"start":{"line":18,"column":4},"end":{"line":null,"column":null}},"12":{"start":{"line":21,"column":12},"end":{"line":null,"column":null}}},"branchMap":{"1":{"line":0,"type":"cond-expr","locations":[{"start":{"line":0,"column":0},"end":{"line":0,"column":0},"skip":true},{"start":{"line":0,"column":0},"end":{"line":0,"column":0},"skip":true}]},"2":{"line":0,"type":"binary-expr","locations":[{"start":{"line":0,"column":0},"end":{"line":0,"column":0},"skip":true},{"start":{"line":0,"column":0},"end":{"line":0,"column":0},"skip":true}]},"3":{"line":19,"type":"cond-expr","locations":[{"start":{"line":19,"column":8},"end":{"line":18,"column":4}},{"start":{"line":20,"column":8},"end":{"line":18,"column":4}}]}}},"/Users/qingwei/projects/binary-charts/src/plot-lines/vertPlotLine.js":{"path":"/Users/qingwei/projects/binary-charts/src/plot-lines/vertPlotLine.js","s":{"1":1,"2":1,"3":0},"b":{"1":[0,0],"2":[0,0],"3":[0,0]},"f":{"1":0},"fnMap":{"1":{"name":"(anonymous_1)","line":1,"loc":{"start":{"line":1,"column":15},"end":{"line":null,"column":null}}}},"statementMap":{"1":{"start":{"line":0,"column":0},"end":{"line":0,"column":0},"skip":true},"2":{"start":{"line":1,"column":15},"end":{"line":null,"column":null}},"3":{"start":{"line":1,"column":54},"end":{"line":null,"column":null}}},"branchMap":{"1":{"line":8,"type":"cond-expr","locations":[{"start":{"line":8,"column":40},"end":{"line":8,"column":18}},{"start":{"line":8,"column":46},"end":{"line":8,"column":18}}]},"2":{"line":9,"type":"cond-expr","locations":[{"start":{"line":9,"column":33},"end":{"line":9,"column":33}},{"start":{"line":9,"column":38},"end":{"line":9,"column":11}}]},"3":{"line":10,"type":"cond-expr","locations":[{"start":{"line":10,"column":41},"end":{"line":10,"column":19}},{"start":{"line":10,"column":51},"end":{"line":10,"column":19}}]}}},"/Users/qingwei/projects/binary-charts/src/config/updateTradingTimes.js":{"path":"/Users/qingwei/projects/binary-charts/src/config/updateTradingTimes.js","s":{"1":1,"2":1,"3":1,"4":1,"5":1,"6":1,"7":1,"8":0,"9":0,"10":0,"11":0,"12":0,"13":1,"14":3,"15":3,"16":1,"17":3,"18":1,"19":3,"20":1,"21":0,"22":0,"23":1,"24":0,"25":0,"26":1,"27":0,"28":0,"29":0,"30":0,"31":0,"32":0,"33":0},"b":{"1":[1,0],"2":[1,1],"3":[0,0],"4":[0,0]},"f":{"1":1,"2":0,"3":3,"4":3,"5":3,"6":0,"7":0,"8":0,"9":0,"10":0,"11":0},"fnMap":{"1":{"name":"_interopRequireDefault","line":0,"loc":{"start":{"line":0,"column":0},"end":{"line":0,"column":0}},"skip":true},"2":{"name":"_toConsumableArray","line":0,"loc":{"start":{"line":0,"column":0},"end":{"line":0,"column":0}},"skip":true},"3":{"name":"strToSeconds","line":3,"loc":{"start":{"line":3,"column":21},"end":{"line":3,"column":32}}},"4":{"name":"dateToEpoch","line":8,"loc":{"start":{"line":8,"column":27},"end":{"line":null,"column":null}}},"5":{"name":"strTimePlusDayAsEpoch","line":15,"loc":{"start":{"line":15,"column":37},"end":{"line":null,"column":null}}},"6":{"name":"tradingTimesToEpochs","line":18,"loc":{"start":{"line":18,"column":36},"end":{"line":null,"column":null}}},"7":{"name":"(anonymous_7)","line":22,"loc":{"start":{"line":22,"column":6},"end":{"line":null,"column":null}}},"8":{"name":"plotLinesBandsForTradingTimes","line":24,"loc":{"start":{"line":24,"column":38},"end":{"line":null,"column":null}}},"9":{"name":"(anonymous_9)","line":25,"loc":{"start":{"line":25,"column":55},"end":{"line":null,"column":null}}},"10":{"name":"(anonymous_10)","line":29,"loc":{"start":{"line":29,"column":15},"end":{"line":29,"column":44}}},"11":{"name":"(anonymous_11)","line":33,"loc":{"start":{"line":33,"column":25},"end":{"line":null,"column":null}}}},"statementMap":{"1":{"start":{"line":0,"column":0},"end":{"line":0,"column":0},"skip":true},"2":{"start":{"line":0,"column":0},"end":{"line":0,"column":0},"skip":true},"3":{"start":{"line":1,"column":0},"end":{"line":null,"column":null}},"4":{"start":{"line":0,"column":0},"end":{"line":0,"column":0},"skip":true},"5":{"start":{"line":0,"column":0},"end":{"line":0,"column":0},"skip":true},"6":{"start":{"line":0,"column":0},"end":{"line":0,"column":0},"skip":true},"7":{"start":{"line":0,"column":0},"end":{"line":0,"column":0},"skip":true},"8":{"start":{"line":0,"column":0},"end":{"line":0,"column":0},"skip":true},"9":{"start":{"line":0,"column":0},"end":{"line":0,"column":0},"skip":true},"10":{"start":{"line":0,"column":0},"end":{"line":0,"column":0},"skip":true},"11":{"start":{"line":0,"column":0},"end":{"line":0,"column":0},"skip":true},"12":{"start":{"line":0,"column":0},"end":{"line":0,"column":0},"skip":true},"13":{"start":{"line":3,"column":0},"end":{"line":null,"column":null}},"14":{"start":{"line":4,"column":10},"end":{"line":3,"column":32}},"15":{"start":{"line":5,"column":11},"end":{"line":3,"column":32}},"16":{"start":{"line":8,"column":7},"end":{"line":null,"column":null}},"17":{"start":{"line":9,"column":4},"end":{"line":null,"column":null}},"18":{"start":{"line":15,"column":7},"end":{"line":null,"column":null}},"19":{"start":{"line":16,"column":4},"end":{"line":null,"column":null}},"20":{"start":{"line":18,"column":7},"end":{"line":null,"column":null}},"21":{"start":{"line":18,"column":52},"end":{"line":null,"column":null}},"22":{"start":{"line":22,"column":11},"end":{"line":null,"column":null}},"23":{"start":{"line":24,"column":0},"end":{"line":null,"column":null}},"24":{"start":{"line":25,"column":4},"end":{"line":null,"column":null}},"25":{"start":{"line":26,"column":8},"end":{"line":null,"column":null}},"26":{"start":{"line":29,"column":15},"end":{"line":null,"column":null}},"27":{"start":{"line":29,"column":18},"end":{"line":29,"column":44}},"28":{"start":{"line":29,"column":25},"end":{"line":29,"column":44}},"29":{"start":{"line":30,"column":10},"end":{"line":29,"column":44}},"30":{"start":{"line":31,"column":9},"end":{"line":29,"column":44}},"31":{"start":{"line":32,"column":10},"end":{"line":29,"column":44}},"32":{"start":{"line":33,"column":17},"end":{"line":29,"column":44}},"33":{"start":{"line":33,"column":30},"end":{"line":null,"column":null}}},"branchMap":{"1":{"line":0,"type":"cond-expr","locations":[{"start":{"line":0,"column":0},"end":{"line":0,"column":0},"skip":true},{"start":{"line":0,"column":0},"end":{"line":0,"column":0},"skip":true}]},"2":{"line":0,"type":"binary-expr","locations":[{"start":{"line":0,"column":0},"end":{"line":0,"column":0},"skip":true},{"start":{"line":0,"column":0},"end":{"line":0,"column":0},"skip":true}]},"3":{"line":0,"type":"if","locations":[{"start":{"line":0,"column":0},"end":{"line":0,"column":0},"skip":true},{"start":{"line":0,"column":0},"end":{"line":0,"column":0},"skip":true}]},"4":{"line":18,"type":"cond-expr","locations":[{"start":{"line":18,"column":61},"end":{"line":18,"column":52}},{"start":{"line":18,"column":66},"end":{"line":18,"column":52}}]}}},"/Users/qingwei/projects/binary-charts/src/plugins/spotIndicator.js":{"path":"/Users/qingwei/projects/binary-charts/src/plugins/spotIndicator.js","s":{"1":1,"2":1,"3":1,"4":1,"5":0,"6":1,"7":0,"8":1,"9":0,"10":0,"11":0,"12":0,"13":0,"14":0,"15":0,"16":0,"17":0,"18":0,"19":1,"20":0,"21":0,"22":0,"23":0,"24":0,"25":0,"26":0,"27":0,"28":0,"29":0,"30":0,"31":0,"32":1,"33":0,"34":0,"35":0,"36":0,"37":0,"38":0,"39":0,"40":0,"41":0,"42":0,"43":0,"44":0,"45":0,"46":0,"47":0,"48":0,"49":0,"50":0,"51":0,"52":0,"53":0,"54":0,"55":0},"b":{"1":[0,0,0],"2":[0,0],"3":[0,0],"4":[0,0],"5":[0,0],"6":[0,0]},"f":{"1":0,"2":0,"3":0,"4":0,"5":0,"6":0,"7":0,"8":0},"fnMap":{"1":{"name":"lastPriceFromSeries","line":13,"loc":{"start":{"line":13,"column":28},"end":{"line":null,"column":null}}},"2":{"name":"polyPath","line":16,"loc":{"start":{"line":16,"column":17},"end":{"line":null,"column":null}}},"3":{"name":"initialize","line":28,"loc":{"start":{"line":28,"column":19},"end":{"line":28,"column":93}}},"4":{"name":"update","line":54,"loc":{"start":{"line":54,"column":15},"end":{"line":54,"column":70}}},"5":{"name":"(anonymous_5)","line":77,"loc":{"start":{"line":77,"column":15},"end":{"line":77,"column":21}}},"6":{"name":"renderSpotIndicator","line":78,"loc":{"start":{"line":78,"column":32},"end":{"line":78,"column":41}}},"7":{"name":"init","line":104,"loc":{"start":{"line":104,"column":34},"end":{"line":104,"column":66}}},"8":{"name":"redraw","line":109,"loc":{"start":{"line":109,"column":36},"end":{"line":109,"column":70}}}},"statementMap":{"1":{"start":{"line":0,"column":0},"end":{"line":0,"column":0},"skip":true},"2":{"start":{"line":1,"column":0},"end":{"line":null,"column":null}},"3":{"start":{"line":3,"column":0},"end":{"line":null,"column":null}},"4":{"start":{"line":13,"column":0},"end":{"line":null,"column":null}},"5":{"start":{"line":14,"column":4},"end":{"line":null,"column":null}},"6":{"start":{"line":16,"column":0},"end":{"line":null,"column":null}},"7":{"start":{"line":16,"column":42},"end":{"line":null,"column":null}},"8":{"start":{"line":28,"column":0},"end":{"line":null,"column":null}},"9":{"start":{"line":28,"column":22},"end":{"line":28,"column":93}},"10":{"start":{"line":28,"column":32},"end":{"line":28,"column":93}},"11":{"start":{"line":28,"column":41},"end":{"line":28,"column":93}},"12":{"start":{"line":28,"column":55},"end":{"line":28,"column":93}},"13":{"start":{"line":28,"column":58},"end":{"line":28,"column":93}},"14":{"start":{"line":28,"column":61},"end":{"line":28,"column":93}},"15":{"start":{"line":28,"column":76},"end":{"line":28,"column":93}},"16":{"start":{"line":29,"column":18},"end":{"line":28,"column":93}},"17":{"start":{"line":33,"column":18},"end":{"line":28,"column":93}},"18":{"start":{"line":40,"column":18},"end":{"line":28,"column":93}},"19":{"start":{"line":54,"column":0},"end":{"line":null,"column":null}},"20":{"start":{"line":54,"column":18},"end":{"line":54,"column":70}},"21":{"start":{"line":54,"column":32},"end":{"line":54,"column":70}},"22":{"start":{"line":54,"column":35},"end":{"line":54,"column":70}},"23":{"start":{"line":54,"column":38},"end":{"line":54,"column":70}},"24":{"start":{"line":54,"column":53},"end":{"line":54,"column":70}},"25":{"start":{"line":55,"column":18},"end":{"line":54,"column":70}},"26":{"start":{"line":59,"column":18},"end":{"line":54,"column":70}},"27":{"start":{"line":64,"column":18},"end":{"line":54,"column":70}},"28":{"start":{"line":68,"column":10},"end":{"line":54,"column":70}},"29":{"start":{"line":70,"column":8},"end":{"line":70,"column":4}},"30":{"start":{"line":71,"column":19},"end":{"line":70,"column":68}},"31":{"start":{"line":73,"column":19},"end":{"line":72,"column":11}},"32":{"start":{"line":77,"column":15},"end":{"line":null,"column":null}},"33":{"start":{"line":78,"column":10},"end":{"line":77,"column":21}},"34":{"start":{"line":79,"column":12},"end":{"line":78,"column":41}},"35":{"start":{"line":80,"column":12},"end":{"line":80,"column":8}},"36":{"start":{"line":80,"column":42},"end":{"line":80,"column":8}},"37":{"start":{"line":81,"column":18},"end":{"line":78,"column":41}},"38":{"start":{"line":83,"column":14},"end":{"line":78,"column":41}},"39":{"start":{"line":84,"column":14},"end":{"line":78,"column":41}},"40":{"start":{"line":86,"column":12},"end":{"line":78,"column":41}},"41":{"start":{"line":87,"column":12},"end":{"line":78,"column":41}},"42":{"start":{"line":89,"column":12},"end":{"line":89,"column":8}},"43":{"start":{"line":90,"column":19},"end":{"line":89,"column":38}},"44":{"start":{"line":92,"column":23},"end":{"line":91,"column":15}},"45":{"start":{"line":93,"column":23},"end":{"line":91,"column":15}},"46":{"start":{"line":104,"column":9},"end":{"line":77,"column":21}},"47":{"start":{"line":104,"column":60},"end":{"line":104,"column":66}},"48":{"start":{"line":0,"column":0},"end":{"line":0,"column":0},"skip":true},"49":{"start":{"line":105,"column":16},"end":{"line":104,"column":66}},"50":{"start":{"line":106,"column":28},"end":{"line":104,"column":66}},"51":{"start":{"line":109,"column":9},"end":{"line":77,"column":21}},"52":{"start":{"line":109,"column":64},"end":{"line":109,"column":70}},"53":{"start":{"line":0,"column":0},"end":{"line":0,"column":0},"skip":true},"54":{"start":{"line":110,"column":16},"end":{"line":109,"column":70}},"55":{"start":{"line":111,"column":28},"end":{"line":109,"column":70}}},"branchMap":{"1":{"line":14,"type":"binary-expr","locations":[{"start":{"line":14,"column":4},"end":{"line":14,"column":4}},{"start":{"line":14,"column":27},"end":{"line":14,"column":4}},{"start":{"line":14,"column":68},"end":{"line":14,"column":4}}]},"2":{"line":70,"type":"if","locations":[{"start":{"line":70,"column":8},"end":{"line":70,"column":8}},{"start":{"line":70,"column":8},"end":{"line":70,"column":8}}]},"3":{"line":70,"type":"binary-expr","locations":[{"start":{"line":70,"column":8},"end":{"line":70,"column":23}},{"start":{"line":70,"column":39},"end":{"line":70,"column":54}}]},"4":{"line":80,"type":"if","locations":[{"start":{"line":80,"column":12},"end":{"line":80,"column":12}},{"start":{"line":80,"column":12},"end":{"line":80,"column":12}}]},"5":{"line":80,"type":"binary-expr","locations":[{"start":{"line":80,"column":12},"end":{"line":80,"column":12}},{"start":{"line":80,"column":24},"end":{"line":80,"column":25}}]},"6":{"line":89,"type":"if","locations":[{"start":{"line":89,"column":12},"end":{"line":89,"column":12}},{"start":{"line":89,"column":12},"end":{"line":89,"column":12}}]}}},"/Users/qingwei/projects/binary-charts/src/theme.js":{"path":"/Users/qingwei/projects/binary-charts/src/theme.js","s":{"1":1,"2":1,"3":1,"4":1,"5":1,"6":1},"b":{"1":[1,0],"2":[1,1]},"f":{"1":1},"fnMap":{"1":{"name":"_interopRequireDefault","line":0,"loc":{"start":{"line":0,"column":0},"end":{"line":0,"column":0}},"skip":true}},"statementMap":{"1":{"start":{"line":0,"column":0},"end":{"line":0,"column":0},"skip":true},"2":{"start":{"line":1,"column":0},"end":{"line":null,"column":null}},"3":{"start":{"line":0,"column":0},"end":{"line":0,"column":0},"skip":true},"4":{"start":{"line":0,"column":0},"end":{"line":0,"column":0},"skip":true},"5":{"start":{"line":0,"column":0},"end":{"line":0,"column":0},"skip":true},"6":{"start":{"line":3,"column":16},"end":{"line":null,"column":null}}},"branchMap":{"1":{"line":0,"type":"cond-expr","locations":[{"start":{"line":0,"column":0},"end":{"line":0,"column":0},"skip":true},{"start":{"line":0,"column":0},"end":{"line":0,"column":0},"skip":true}]},"2":{"line":0,"type":"binary-expr","locations":[{"start":{"line":0,"column":0},"end":{"line":0,"column":0},"skip":true},{"start":{"line":0,"column":0},"end":{"line":0,"column":0},"skip":true}]}}},"/Users/qingwei/projects/binary-charts/src/technical/linearTrendline.js":{"path":"/Users/qingwei/projects/binary-charts/src/technical/linearTrendline.js","s":{"1":1,"2":1,"3":1,"4":0,"5":0,"6":1,"7":0,"8":0,"9":0,"10":0,"11":0,"12":0,"13":0,"14":0,"15":0,"16":0,"17":0,"18":0,"19":0,"20":1,"21":4,"22":4,"23":4,"24":10,"25":10,"26":10,"27":10,"28":10,"29":10,"30":4,"31":4,"32":4,"33":4,"34":4,"35":4,"36":4,"37":4,"38":4,"39":4,"40":4},"b":{},"f":{"1":0,"2":0,"3":0,"4":0,"5":0,"6":0,"7":0,"8":0,"9":4},"fnMap":{"1":{"name":"sum","line":1,"loc":{"start":{"line":1,"column":12},"end":{"line":null,"column":null}}},"2":{"name":"(anonymous_2)","line":1,"loc":{"start":{"line":1,"column":41},"end":{"line":null,"column":null}}},"3":{"name":"(anonymous_3)","line":3,"loc":{"start":{"line":3,"column":15},"end":{"line":3,"column":23}}},"4":{"name":"(anonymous_4)","line":5,"loc":{"start":{"line":5,"column":28},"end":{"line":null,"column":null}}},"5":{"name":"(anonymous_5)","line":6,"loc":{"start":{"line":6,"column":24},"end":{"line":null,"column":null}}},"6":{"name":"(anonymous_6)","line":6,"loc":{"start":{"line":6,"column":47},"end":{"line":null,"column":null}}},"7":{"name":"(anonymous_7)","line":7,"loc":{"start":{"line":7,"column":28},"end":{"line":null,"column":null}}},"8":{"name":"(anonymous_8)","line":8,"loc":{"start":{"line":8,"column":24},"end":{"line":null,"column":null}}},"9":{"name":"linear","line":15,"loc":{"start":{"line":15,"column":7},"end":{"line":15,"column":47}}}},"statementMap":{"1":{"start":{"line":0,"column":0},"end":{"line":0,"column":0},"skip":true},"2":{"start":{"line":15,"column":16},"end":{"line":null,"column":null}},"3":{"start":{"line":1,"column":0},"end":{"line":null,"column":null}},"4":{"start":{"line":1,"column":30},"end":{"line":null,"column":null}},"5":{"start":{"line":1,"column":53},"end":{"line":null,"column":null}},"6":{"start":{"line":3,"column":15},"end":{"line":null,"column":null}},"7":{"start":{"line":4,"column":10},"end":{"line":3,"column":23}},"8":{"start":{"line":5,"column":10},"end":{"line":3,"column":23}},"9":{"start":{"line":5,"column":33},"end":{"line":null,"column":null}},"10":{"start":{"line":6,"column":10},"end":{"line":3,"column":23}},"11":{"start":{"line":6,"column":29},"end":{"line":null,"column":null}},"12":{"start":{"line":6,"column":52},"end":{"line":null,"column":null}},"13":{"start":{"line":7,"column":10},"end":{"line":3,"column":23}},"14":{"start":{"line":7,"column":33},"end":{"line":null,"column":null}},"15":{"start":{"line":8,"column":10},"end":{"line":3,"column":23}},"16":{"start":{"line":8,"column":29},"end":{"line":null,"column":null}},"17":{"start":{"line":9,"column":10},"end":{"line":3,"column":23}},"18":{"start":{"line":10,"column":12},"end":{"line":3,"column":23}},"19":{"start":{"line":11,"column":12},"end":{"line":3,"column":23}},"20":{"start":{"line":15,"column":7},"end":{"line":15,"column":7}},"21":{"start":{"line":17,"column":9},"end":{"line":null,"column":null}},"22":{"start":{"line":34,"column":4},"end":{"line":null,"column":null}},"23":{"start":{"line":44,"column":10},"end":{"line":44,"column":4}},"24":{"start":{"line":45,"column":17},"end":{"line":44,"column":37}},"25":{"start":{"line":46,"column":18},"end":{"line":44,"column":37}},"26":{"start":{"line":47,"column":18},"end":{"line":44,"column":37}},"27":{"start":{"line":48,"column":17},"end":{"line":44,"column":37}},"28":{"start":{"line":49,"column":18},"end":{"line":44,"column":37}},"29":{"start":{"line":50,"column":17},"end":{"line":44,"column":37}},"30":{"start":{"line":52,"column":13},"end":{"line":15,"column":47}},"31":{"start":{"line":53,"column":13},"end":{"line":15,"column":47}},"32":{"start":{"line":54,"column":13},"end":{"line":15,"column":47}},"33":{"start":{"line":55,"column":13},"end":{"line":15,"column":47}},"34":{"start":{"line":56,"column":13},"end":{"line":15,"column":47}},"35":{"start":{"line":57,"column":13},"end":{"line":15,"column":47}},"36":{"start":{"line":58,"column":13},"end":{"line":null,"column":null}},"37":{"start":{"line":63,"column":4},"end":{"line":null,"column":null}},"38":{"start":{"line":68,"column":4},"end":{"line":15,"column":47}},"39":{"start":{"line":69,"column":13},"end":{"line":15,"column":47}},"40":{"start":{"line":71,"column":11},"end":{"line":15,"column":47}}},"branchMap":{}},"/Users/qingwei/projects/binary-charts/src/config/updateExtremes.js":{"path":"/Users/qingwei/projects/binary-charts/src/config/updateExtremes.js","s":{"1":0,"2":0,"3":0,"4":0,"5":0,"6":0,"7":0,"8":0,"9":0,"10":0,"11":0,"12":0,"13":0,"14":0,"15":0,"16":0,"17":0},"b":{"1":[0,0],"2":[0,0],"3":[0,0],"4":[0,0],"5":[0,0]},"f":{"1":0,"2":0,"3":0,"4":0},"fnMap":{"1":{"name":"_interopRequireDefault","line":0,"loc":{"start":{"line":0,"column":0},"end":{"line":0,"column":0}},"skip":true},"2":{"name":"(anonymous_2)","line":3,"loc":{"start":{"line":3,"column":15},"end":{"line":3,"column":42}}},"3":{"name":"(anonymous_3)","line":6,"loc":{"start":{"line":6,"column":54},"end":{"line":null,"column":null}}},"4":{"name":"(anonymous_4)","line":11,"loc":{"start":{"line":11,"column":54},"end":{"line":null,"column":null}}}},"statementMap":{"1":{"start":{"line":0,"column":0},"end":{"line":0,"column":0},"skip":true},"2":{"start":{"line":1,"column":0},"end":{"line":null,"column":null}},"3":{"start":{"line":0,"column":0},"end":{"line":0,"column":0},"skip":true},"4":{"start":{"line":0,"column":0},"end":{"line":0,"column":0},"skip":true},"5":{"start":{"line":0,"column":0},"end":{"line":0,"column":0},"skip":true},"6":{"start":{"line":3,"column":15},"end":{"line":null,"column":null}},"7":{"start":{"line":4,"column":10},"end":{"line":3,"column":42}},"8":{"start":{"line":5,"column":10},"end":{"line":3,"column":42}},"9":{"start":{"line":6,"column":10},"end":{"line":3,"column":42}},"10":{"start":{"line":6,"column":59},"end":{"line":null,"column":null}},"11":{"start":{"line":7,"column":10},"end":{"line":3,"column":42}},"12":{"start":{"line":9,"column":10},"end":{"line":3,"column":42}},"13":{"start":{"line":10,"column":10},"end":{"line":3,"column":42}},"14":{"start":{"line":11,"column":10},"end":{"line":3,"column":42}},"15":{"start":{"line":11,"column":59},"end":{"line":null,"column":null}},"16":{"start":{"line":12,"column":10},"end":{"line":3,"column":42}},"17":{"start":{"line":14,"column":9},"end":{"line":3,"column":42}}},"branchMap":{"1":{"line":0,"type":"cond-expr","locations":[{"start":{"line":0,"column":0},"end":{"line":0,"column":0},"skip":true},{"start":{"line":0,"column":0},"end":{"line":0,"column":0},"skip":true}]},"2":{"line":0,"type":"binary-expr","locations":[{"start":{"line":0,"column":0},"end":{"line":0,"column":0},"skip":true},{"start":{"line":0,"column":0},"end":{"line":0,"column":0},"skip":true}]},"3":{"line":4,"type":"binary-expr","locations":[{"start":{"line":4,"column":20},"end":{"line":4,"column":32}},{"start":{"line":4,"column":32},"end":{"line":4,"column":32}}]},"4":{"line":5,"type":"binary-expr","locations":[{"start":{"line":5,"column":24},"end":{"line":5,"column":37}},{"start":{"line":5,"column":37},"end":{"line":5,"column":37}}]},"5":{"line":10,"type":"binary-expr","locations":[{"start":{"line":10,"column":24},"end":{"line":10,"column":37}},{"start":{"line":10,"column":37},"end":{"line":10,"column":37}}]}}},"/Users/qingwei/projects/binary-charts/src/index.js":{"path":"/Users/qingwei/projects/binary-charts/src/index.js","s":{"1":0,"2":0,"3":0,"4":0,"5":0,"6":0,"7":0},"b":{"1":[0,0],"2":[0,0]},"f":{"1":0},"fnMap":{"1":{"name":"_interopRequireDefault","line":0,"loc":{"start":{"line":0,"column":0},"end":{"line":0,"column":0}},"skip":true}},"statementMap":{"1":{"start":{"line":0,"column":0},"end":{"line":0,"column":0},"skip":true},"2":{"start":{"line":0,"column":0},"end":{"line":0,"column":0},"skip":true},"3":{"start":{"line":0,"column":0},"end":{"line":0,"column":0},"skip":true},"4":{"start":{"line":0,"column":0},"end":{"line":0,"column":0},"skip":true},"5":{"start":{"line":0,"column":0},"end":{"line":0,"column":0},"skip":true},"6":{"start":{"line":0,"column":0},"end":{"line":0,"column":0},"skip":true},"7":{"start":{"line":1,"column":7},"end":{"line":null,"column":null}}},"branchMap":{"1":{"line":0,"type":"cond-expr","locations":[{"start":{"line":0,"column":0},"end":{"line":0,"column":0},"skip":true},{"start":{"line":0,"column":0},"end":{"line":0,"column":0},"skip":true}]},"2":{"line":0,"type":"binary-expr","locations":[{"start":{"line":0,"column":0},"end":{"line":0,"column":0},"skip":true},{"start":{"line":0,"column":0},"end":{"line":0,"column":0},"skip":true}]}}},"/Users/qingwei/projects/binary-charts/src/parts/events.js":{"path":"/Users/qingwei/projects/binary-charts/src/parts/events.js","s":{"1":0,"2":0,"3":0,"4":0,"5":0,"6":0},"b":{},"f":{"1":0,"2":0},"fnMap":{"1":{"name":"(anonymous_1)","line":1,"loc":{"start":{"line":1,"column":15},"end":{"line":null,"column":null}}},"2":{"name":"redraw","line":2,"loc":{"start":{"line":2,"column":22},"end":{"line":2,"column":22}}}},"statementMap":{"1":{"start":{"line":0,"column":0},"end":{"line":0,"column":0},"skip":true},"2":{"start":{"line":1,"column":15},"end":{"line":null,"column":null}},"3":{"start":{"line":1,"column":22},"end":{"line":null,"column":null}},"4":{"start":{"line":2,"column":14},"end":{"line":2,"column":22}},"5":{"start":{"line":0,"column":0},"end":{"line":0,"column":0},"skip":true},"6":{"start":{"line":3,"column":15},"end":{"line":2,"column":22}}},"branchMap":{}},"/Users/qingwei/projects/binary-charts/src/parts/seriesCandlestick.js":{"path":"/Users/qingwei/projects/binary-charts/src/parts/seriesCandlestick.js","s":{"1":0,"2":0,"3":0},"b":{},"f":{"1":0},"fnMap":{"1":{"name":"(anonymous_1)","line":1,"loc":{"start":{"line":1,"column":15},"end":{"line":null,"column":null}}}},"statementMap":{"1":{"start":{"line":0,"column":0},"end":{"line":0,"column":0},"skip":true},"2":{"start":{"line":1,"column":15},"end":{"line":null,"column":null}},"3":{"start":{"line":1,"column":23},"end":{"line":null,"column":null}}},"branchMap":{}},"/Users/qingwei/projects/binary-charts/src/parts/spot.js":{"path":"/Users/qingwei/projects/binary-charts/src/parts/spot.js","s":{"1":0,"2":0,"3":0},"b":{},"f":{"1":0},"fnMap":{"1":{"name":"(anonymous_1)","line":1,"loc":{"start":{"line":1,"column":15},"end":{"line":null,"column":null}}}},"statementMap":{"1":{"start":{"line":0,"column":0},"end":{"line":0,"column":0},"skip":true},"2":{"start":{"line":1,"column":15},"end":{"line":null,"column":null}},"3":{"start":{"line":1,"column":22},"end":{"line":null,"column":null}}},"branchMap":{}},"/Users/qingwei/projects/binary-charts/src/plugins/tradeMarker.js":{"path":"/Users/qingwei/projects/binary-charts/src/plugins/tradeMarker.js","s":{"1":0,"2":0,"3":0,"4":0,"5":0,"6":0,"7":0,"8":0,"9":0,"10":0,"11":0,"12":0,"13":0,"14":0,"15":0,"16":0,"17":0,"18":0,"19":0},"b":{"1":[0,0],"2":[0,0]},"f":{"1":0,"2":0,"3":0},"fnMap":{"1":{"name":"(anonymous_1)","line":3,"loc":{"start":{"line":3,"column":15},"end":{"line":3,"column":21}}},"2":{"name":"renderTradeMarker","line":4,"loc":{"start":{"line":4,"column":13},"end":{"line":4,"column":38}}},"3":{"name":"redraw","line":29,"loc":{"start":{"line":29,"column":36},"end":{"line":29,"column":70}}}},"statementMap":{"1":{"start":{"line":0,"column":0},"end":{"line":0,"column":0},"skip":true},"2":{"start":{"line":1,"column":0},"end":{"line":null,"column":null}},"3":{"start":{"line":3,"column":15},"end":{"line":null,"column":null}},"4":{"start":{"line":4,"column":13},"end":{"line":4,"column":4}},"5":{"start":{"line":5,"column":12},"end":{"line":5,"column":8}},"6":{"start":{"line":6,"column":13},"end":{"line":5,"column":31}},"7":{"start":{"line":9,"column":14},"end":{"line":4,"column":38}},"8":{"start":{"line":10,"column":14},"end":{"line":4,"column":38}},"9":{"start":{"line":11,"column":14},"end":{"line":4,"column":38}},"10":{"start":{"line":13,"column":12},"end":{"line":13,"column":8}},"11":{"start":{"line":13,"column":24},"end":{"line":13,"column":8}},"12":{"start":{"line":15,"column":14},"end":{"line":4,"column":38}},"13":{"start":{"line":16,"column":14},"end":{"line":4,"column":38}},"14":{"start":{"line":18,"column":14},"end":{"line":4,"column":38}},"15":{"start":{"line":29,"column":9},"end":{"line":3,"column":21}},"16":{"start":{"line":29,"column":64},"end":{"line":29,"column":70}},"17":{"start":{"line":0,"column":0},"end":{"line":0,"column":0},"skip":true},"18":{"start":{"line":30,"column":16},"end":{"line":29,"column":70}},"19":{"start":{"line":31,"column":26},"end":{"line":29,"column":70}}},"branchMap":{"1":{"line":5,"type":"if","locations":[{"start":{"line":5,"column":12},"end":{"line":5,"column":12}},{"start":{"line":5,"column":12},"end":{"line":5,"column":12}}]},"2":{"line":13,"type":"if","locations":[{"start":{"line":13,"column":12},"end":{"line":13,"column":12}},{"start":{"line":13,"column":12},"end":{"line":13,"column":12}}]}}}}