TN:
SF:/Users/qingwei/projects/binary-charts/src/BinaryChart.js
FN:32,componentDidMount
FN:39,shouldComponentUpdate
FN:44,render
FNF:3
FNH:1
FNDA:0,componentDidMount
FNDA:0,shouldComponentUpdate
FNDA:1,render
DA:1,1
DA:2,1
DA:3,1
DA:4,1
DA:5,1
DA:7,1
DA:9,1
DA:12,1
DA:15,0
DA:18,1
DA:20,1
DA:33,0
DA:34,0
DA:35,0
DA:36,0
DA:40,0
DA:41,0
DA:46,1
LF:18
LH:11
BRDA:12,22,0,0
BRDA:12,22,1,1
BRF:2
BRH:1
end_of_record
TN:
SF:/Users/qingwei/projects/binary-charts/src/BinaryTypes.js
FNF:0
FNH:0
DA:1,1
DA:3,1
DA:8,1
DA:23,1
DA:28,1
LF:5
LH:5
BRF:0
BRH:0
end_of_record
TN:
SF:/Users/qingwei/projects/binary-charts/src/config/initChart.js
FN:10,(anonymous_3)
FNF:1
FNH:0
FNDA:0,(anonymous_3)
DA:1,1
DA:2,1
DA:3,1
DA:4,1
DA:5,1
DA:6,1
DA:7,1
DA:10,1
DA:11,0
LF:9
LH:8
BRF:0
BRH:0
end_of_record
TN:
SF:/Users/qingwei/projects/binary-charts/src/parts/reset.js
FN:1,(anonymous_1)
FNF:1
FNH:0
FNDA:0,(anonymous_1)
DA:1,1
LF:1
LH:1
BRF:0
BRH:0
end_of_record
TN:
SF:/Users/qingwei/projects/binary-charts/src/parts/plotOptions.js
FN:1,(anonymous_1)
FNF:1
FNH:0
FNDA:0,(anonymous_1)
DA:1,1
LF:1
LH:1
BRF:0
BRH:0
end_of_record
TN:
SF:/Users/qingwei/projects/binary-charts/src/parts/navigator.js
FN:1,(anonymous_1)
FNF:1
FNH:0
FNDA:0,(anonymous_1)
DA:1,1
LF:1
LH:1
BRF:0
BRH:0
end_of_record
TN:
SF:/Users/qingwei/projects/binary-charts/src/parts/rangeSelector.js
FN:1,(anonymous_1)
FNF:1
FNH:0
FNDA:0,(anonymous_1)
DA:1,1
LF:1
LH:1
BRF:0
BRH:0
end_of_record
TN:
SF:/Users/qingwei/projects/binary-charts/src/parts/yAxis.js
FN:1,(anonymous_1)
FN:6,formatter
FNF:2
FNH:0
FNDA:0,(anonymous_1)
FNDA:0,formatter
DA:1,1
DA:6,0
LF:2
LH:1
BRF:0
BRH:0
end_of_record
TN:
SF:/Users/qingwei/projects/binary-charts/src/parts/xAxis.js
FN:1,(anonymous_1)
FNF:1
FNH:0
FNDA:0,(anonymous_1)
DA:1,1
LF:1
LH:1
BRF:0
BRH:0
end_of_record
TN:
SF:/Users/qingwei/projects/binary-charts/src/parts/seriesLine.js
FN:3,(anonymous_2)
FNF:1
FNH:0
FNDA:0,(anonymous_2)
DA:1,1
DA:3,1
LF:2
LH:2
BRF:0
BRH:0
end_of_record
TN:
SF:/Users/qingwei/projects/binary-charts/src/config/updateChart.js
FN:8,ticksAreEqual
FN:12,contractsAreEqual
FN:16,tradingTimesAreEqual
FN:19,(anonymous_5)
FNF:4
FNH:0
FNDA:0,ticksAreEqual
FNDA:0,contractsAreEqual
FNDA:0,tradingTimesAreEqual
FNDA:0,(anonymous_5)
DA:1,1
DA:2,1
DA:3,1
DA:4,1
DA:5,1
DA:8,1
DA:9,0
DA:12,1
DA:13,0
DA:16,1
DA:17,0
DA:19,1
DA:20,0
DA:21,0
DA:24,0
DA:25,0
DA:26,0
DA:29,0
DA:30,0
DA:31,0
LF:20
LH:9
BRDA:9,3,0,0
BRDA:9,3,1,0
BRDA:13,4,0,0
BRDA:13,4,1,0
BRDA:20,5,0,0
BRDA:20,5,1,0
BRDA:24,6,0,0
BRDA:24,6,1,0
BRDA:29,7,0,0
BRDA:29,7,1,0
BRF:10
BRH:0
end_of_record
TN:
SF:/Users/qingwei/projects/binary-charts/src/config/updateTicks.js
FN:5,(anonymous_2)
FNF:1
FNH:0
FNDA:0,(anonymous_2)
DA:1,1
DA:2,1
DA:3,1
DA:5,1
DA:6,0
DA:8,0
DA:9,0
DA:10,0
DA:12,0
LF:9
LH:4
BRDA:8,3,0,0
BRDA:8,3,1,0
BRF:2
BRH:0
end_of_record
TN:
SF:/Users/qingwei/projects/binary-charts/src/config/updateContract.js
FN:5,replacePlotBands
FN:7,(anonymous_3)
FN:10,replacePlotLines
FN:12,(anonymous_5)
FN:17,(anonymous_6)
FNF:5
FNH:0
FNDA:0,replacePlotBands
FNDA:0,(anonymous_3)
FNDA:0,replacePlotLines
FNDA:0,(anonymous_5)
FNDA:0,(anonymous_6)
DA:1,1
DA:2,1
DA:3,1
DA:5,1
DA:6,0
DA:7,0
DA:10,1
DA:11,0
DA:12,0
DA:13,0
DA:17,1
DA:18,0
DA:19,0
DA:20,0
DA:22,0
DA:23,0
LF:16
LH:6
BRDA:19,3,0,0
BRDA:19,3,1,0
BRF:2
BRH:0
end_of_record
TN:
SF:/Users/qingwei/projects/binary-charts/src/config/plotBandsForContractAndTrade.js
FN:3,(anonymous_2)
FNF:1
FNH:1
FNDA:3,(anonymous_2)
DA:1,1
DA:3,1
DA:4,3
DA:5,2
DA:6,2
DA:7,2
DA:9,2
DA:10,1
LF:8
LH:8
BRDA:4,5,0,1
BRDA:4,5,1,2
BRDA:5,6,0,2
BRDA:5,6,1,2
BRDA:6,7,0,0
BRDA:6,7,1,2
BRDA:9,8,0,1
BRDA:9,8,1,1
BRF:8
BRH:7
end_of_record
TN:
SF:/Users/qingwei/projects/binary-charts/src/plot-bands/index.js
FNF:0
FNH:0
DA:1,1
DA:2,1
DA:3,1
DA:4,1
DA:5,1
DA:6,1
DA:7,1
DA:8,1
DA:9,1
DA:10,1
DA:11,1
DA:12,1
DA:13,1
DA:14,1
DA:15,1
DA:16,1
DA:17,1
DA:18,1
LF:18
LH:18
BRF:0
BRH:0
end_of_record
TN:
SF:/Users/qingwei/projects/binary-charts/src/plot-bands/asiandPlotBand.js
FN:4,(anonymous_1)
FNF:1
FNH:0
FNDA:0,(anonymous_1)
DA:1,1
DA:4,1
LF:2
LH:2
BRF:0
BRH:0
end_of_record
TN:
SF:/Users/qingwei/projects/binary-charts/src/plot-bands/_commonPlotBands.js
FN:1,winPlotBand
FN:16,lossPlotBand
FNF:2
FNH:2
FNDA:1,winPlotBand
FNDA:1,lossPlotBand
DA:1,1
DA:16,1
LF:2
LH:2
BRF:0
BRH:0
end_of_record
TN:
SF:/Users/qingwei/projects/binary-charts/src/plot-bands/asianuPlotBand.js
FN:4,(anonymous_1)
FNF:1
FNH:0
FNDA:0,(anonymous_1)
DA:1,1
DA:4,1
LF:2
LH:2
BRF:0
BRH:0
end_of_record
TN:
SF:/Users/qingwei/projects/binary-charts/src/plot-bands/callPlotBand.js
FN:4,(anonymous_2)
FNF:1
FNH:1
FNDA:1,(anonymous_2)
DA:1,1
DA:2,1
DA:4,1
LF:3
LH:3
BRF:0
BRH:0
end_of_record
TN:
SF:/Users/qingwei/projects/binary-charts/src/plot-bands/digitDiffPlotBand.js
FN:1,(anonymous_1)
FNF:1
FNH:0
FNDA:0,(anonymous_1)
DA:1,1
LF:1
LH:1
BRF:0
BRH:0
end_of_record
TN:
SF:/Users/qingwei/projects/binary-charts/src/plot-bands/digitEvenPlotBand.js
FN:1,(anonymous_1)
FNF:1
FNH:0
FNDA:0,(anonymous_1)
DA:1,1
LF:1
LH:1
BRF:0
BRH:0
end_of_record
TN:
SF:/Users/qingwei/projects/binary-charts/src/plot-bands/digitMatchPlotBand.js
FN:1,(anonymous_1)
FNF:1
FNH:0
FNDA:0,(anonymous_1)
DA:1,1
LF:1
LH:1
BRF:0
BRH:0
end_of_record
TN:
SF:/Users/qingwei/projects/binary-charts/src/plot-bands/digitOddPlotBand.js
FN:1,(anonymous_1)
FNF:1
FNH:0
FNDA:0,(anonymous_1)
DA:1,1
LF:1
LH:1
BRF:0
BRH:0
end_of_record
TN:
SF:/Users/qingwei/projects/binary-charts/src/plot-bands/digitOverPlotBand.js
FN:1,(anonymous_1)
FNF:1
FNH:0
FNDA:0,(anonymous_1)
DA:1,1
LF:1
LH:1
BRF:0
BRH:0
end_of_record
TN:
SF:/Users/qingwei/projects/binary-charts/src/plot-bands/digitUnderPlotBand.js
FN:1,(anonymous_1)
FNF:1
FNH:0
FNDA:0,(anonymous_1)
DA:1,1
LF:1
LH:1
BRF:0
BRH:0
end_of_record
TN:
SF:/Users/qingwei/projects/binary-charts/src/plot-bands/expiryMissPlotBand.js
FNF:0
FNH:0
DA:1,1
LF:1
LH:1
BRF:0
BRH:0
end_of_record
TN:
SF:/Users/qingwei/projects/binary-charts/src/plot-bands/upOrDownPlotBand.js
FN:5,(anonymous_2)
FNF:1
FNH:0
FNDA:0,(anonymous_2)
DA:1,1
DA:2,1
DA:3,1
DA:5,1
LF:4
LH:4
BRF:0
BRH:0
end_of_record
TN:
SF:/Users/qingwei/projects/binary-charts/src/plot-bands/expiryRangePlotBand.js
FNF:0
FNH:0
DA:1,1
LF:1
LH:1
BRF:0
BRH:0
end_of_record
TN:
SF:/Users/qingwei/projects/binary-charts/src/plot-bands/rangePlotBand.js
FN:5,(anonymous_2)
FNF:1
FNH:0
FNDA:0,(anonymous_2)
DA:1,1
DA:2,1
DA:3,1
DA:5,1
LF:4
LH:4
BRF:0
BRH:0
end_of_record
TN:
SF:/Users/qingwei/projects/binary-charts/src/plot-bands/noTouchPlotBand.js
FN:1,(anonymous_1)
FNF:1
FNH:0
FNDA:0,(anonymous_1)
DA:1,1
LF:1
LH:1
BRF:0
BRH:0
end_of_record
TN:
SF:/Users/qingwei/projects/binary-charts/src/plot-bands/oneTouchPlotBand.js
FN:1,(anonymous_1)
FNF:1
FNH:0
FNDA:0,(anonymous_1)
DA:1,1
LF:1
LH:1
BRF:0
BRH:0
end_of_record
TN:
SF:/Users/qingwei/projects/binary-charts/src/plot-bands/putPlotBand.js
FN:4,(anonymous_2)
FNF:1
FNH:0
FNDA:0,(anonymous_2)
DA:1,1
DA:2,1
DA:4,1
LF:3
LH:3
BRF:0
BRH:0
end_of_record
TN:
SF:/Users/qingwei/projects/binary-charts/src/plot-bands/spreaddPlotBand.js
FN:1,(anonymous_1)
FNF:1
FNH:0
FNDA:0,(anonymous_1)
DA:1,1
LF:1
LH:1
BRF:0
BRH:0
end_of_record
TN:
SF:/Users/qingwei/projects/binary-charts/src/plot-bands/spreaduPlotBand.js
FN:1,(anonymous_1)
FNF:1
FNH:0
FNDA:0,(anonymous_1)
DA:1,1
LF:1
LH:1
BRF:0
BRH:0
end_of_record
TN:
SF:/Users/qingwei/projects/binary-charts/src/plot-lines/dateEntryPlotLines.js
FN:17,(anonymous_2)
FN:20,(anonymous_3)
FNF:2
FNH:0
FNDA:0,(anonymous_2)
FNDA:0,(anonymous_3)
DA:1,1
DA:2,1
DA:4,1
DA:6,1
DA:17,1
DA:18,0
DA:21,0
LF:7
LH:5
BRDA:19,3,0,0
BRDA:19,3,1,0
BRF:2
BRH:0
end_of_record
TN:
SF:/Users/qingwei/projects/binary-charts/src/plot-lines/vertPlotLine.js
FN:1,(anonymous_1)
FNF:1
FNH:0
FNDA:0,(anonymous_1)
DA:1,1
LF:1
LH:1
BRDA:8,1,0,0
BRDA:8,1,1,0
BRDA:9,2,0,0
BRDA:9,2,1,0
BRDA:10,3,0,0
BRDA:10,3,1,0
BRF:6
BRH:0
end_of_record
TN:
SF:/Users/qingwei/projects/binary-charts/src/config/updateTradingTimes.js
FN:3,strToSeconds
FN:8,dateToEpoch
FN:15,strTimePlusDayAsEpoch
FN:18,tradingTimesToEpochs
FN:22,(anonymous_7)
FN:24,plotLinesBandsForTradingTimes
FN:25,(anonymous_9)
FN:29,(anonymous_10)
FN:33,(anonymous_11)
FNF:9
FNH:3
FNDA:3,strToSeconds
FNDA:3,dateToEpoch
FNDA:3,strTimePlusDayAsEpoch
FNDA:0,tradingTimesToEpochs
FNDA:0,(anonymous_7)
FNDA:0,plotLinesBandsForTradingTimes
FNDA:0,(anonymous_9)
FNDA:0,(anonymous_10)
FNDA:0,(anonymous_11)
DA:1,1
DA:3,1
DA:4,3
DA:5,3
DA:8,1
DA:9,3
DA:15,1
DA:16,3
DA:18,1
DA:22,0
DA:24,1
DA:25,0
DA:26,0
DA:29,1
DA:30,0
DA:31,0
DA:32,0
DA:33,0
LF:18
LH:11
BRDA:18,4,0,0
BRDA:18,4,1,0
BRF:2
BRH:0
end_of_record
TN:
SF:/Users/qingwei/projects/binary-charts/src/plugins/spotIndicator.js
FN:13,lastPriceFromSeries
FN:16,polyPath
FN:28,initialize
FN:54,update
FN:77,(anonymous_5)
FN:78,renderSpotIndicator
FN:104,init
FN:109,redraw
FNF:8
FNH:0
FNDA:0,lastPriceFromSeries
FNDA:0,polyPath
FNDA:0,initialize
FNDA:0,update
FNDA:0,(anonymous_5)
FNDA:0,renderSpotIndicator
FNDA:0,init
FNDA:0,redraw
DA:1,1
DA:3,1
DA:13,1
DA:14,0
DA:16,1
DA:28,1
DA:29,0
DA:33,0
DA:40,0
DA:54,1
DA:55,0
DA:59,0
DA:64,0
DA:68,0
DA:70,0
DA:71,0
DA:73,0
DA:77,1
DA:78,0
DA:79,0
DA:80,0
DA:81,0
DA:83,0
DA:84,0
DA:86,0
DA:87,0
DA:89,0
DA:90,0
DA:92,0
DA:93,0
DA:104,0
DA:105,0
DA:106,0
DA:109,0
DA:110,0
DA:111,0
LF:36
LH:7
BRDA:14,1,0,0
BRDA:14,1,1,0
BRDA:14,1,2,0
BRDA:70,2,0,0
BRDA:70,2,1,0
BRDA:70,3,0,0
BRDA:70,3,1,0
BRDA:80,4,0,0
BRDA:80,4,1,0
BRDA:80,5,0,0
BRDA:80,5,1,0
BRDA:89,6,0,0
BRDA:89,6,1,0
BRF:13
BRH:0
end_of_record
TN:
SF:/Users/qingwei/projects/binary-charts/src/theme.js
FNF:0
FNH:0
DA:1,1
DA:3,1
LF:2
LH:2
BRF:0
BRH:0
end_of_record
TN:
SF:/Users/qingwei/projects/binary-charts/src/technical/linearTrendline.js
FN:1,sum
FN:1,(anonymous_2)
FN:3,(anonymous_3)
FN:5,(anonymous_4)
FN:6,(anonymous_5)
FN:6,(anonymous_6)
FN:7,(anonymous_7)
FN:8,(anonymous_8)
FN:15,linear
FNF:9
FNH:1
FNDA:0,sum
FNDA:0,(anonymous_2)
FNDA:0,(anonymous_3)
FNDA:0,(anonymous_4)
FNDA:0,(anonymous_5)
FNDA:0,(anonymous_6)
FNDA:0,(anonymous_7)
FNDA:0,(anonymous_8)
FNDA:4,linear
DA:1,1
DA:3,1
DA:4,0
DA:5,0
DA:6,0
DA:7,0
DA:8,0
DA:9,0
DA:10,0
DA:11,0
DA:15,1
DA:17,4
DA:34,4
DA:44,4
DA:45,10
DA:46,10
DA:47,10
DA:48,10
DA:49,10
DA:50,10
DA:52,4
DA:53,4
DA:54,4
DA:55,4
DA:56,4
DA:57,4
DA:58,4
DA:63,4
DA:68,4
DA:69,4
DA:71,4
LF:31
LH:23
BRF:0
BRH:0
end_of_record
TN:
SF:/Users/qingwei/projects/binary-charts/src/config/updateExtremes.js
FN:3,(anonymous_2)
FN:6,(anonymous_3)
FN:11,(anonymous_4)
FNF:3
FNH:0
FNDA:0,(anonymous_2)
FNDA:0,(anonymous_3)
FNDA:0,(anonymous_4)
DA:1,0
DA:3,0
DA:4,0
DA:5,0
DA:6,0
DA:7,0
DA:9,0
DA:10,0
DA:11,0
DA:12,0
DA:14,0
LF:11
LH:0
BRDA:4,3,0,0
BRDA:4,3,1,0
BRDA:5,4,0,0
BRDA:5,4,1,0
BRDA:10,5,0,0
BRDA:10,5,1,0
BRF:6
BRH:0
end_of_record
TN:
SF:/Users/qingwei/projects/binary-charts/src/index.js
FNF:0
FNH:0
DA:1,0
LF:1
LH:0
BRF:0
BRH:0
end_of_record
TN:
SF:/Users/qingwei/projects/binary-charts/src/parts/events.js
FN:1,(anonymous_1)
FN:2,redraw
FNF:2
FNH:0
FNDA:0,(anonymous_1)
FNDA:0,redraw
DA:1,0
DA:2,0
DA:3,0
LF:3
LH:0
BRF:0
BRH:0
end_of_record
TN:
SF:/Users/qingwei/projects/binary-charts/src/parts/seriesCandlestick.js
FN:1,(anonymous_1)
FNF:1
FNH:0
FNDA:0,(anonymous_1)
DA:1,0
LF:1
LH:0
BRF:0
BRH:0
end_of_record
TN:
SF:/Users/qingwei/projects/binary-charts/src/parts/spot.js
FN:1,(anonymous_1)
FNF:1
FNH:0
FNDA:0,(anonymous_1)
DA:1,0
LF:1
LH:0
BRF:0
BRH:0
end_of_record
TN:
SF:/Users/qingwei/projects/binary-charts/src/plugins/tradeMarker.js
FN:3,(anonymous_1)
FN:4,renderTradeMarker
FN:29,redraw
FNF:3
FNH:0
FNDA:0,(anonymous_1)
FNDA:0,renderTradeMarker
FNDA:0,redraw
DA:1,0
DA:3,0
DA:4,0
DA:5,0
DA:6,0
DA:9,0
DA:10,0
DA:11,0
DA:13,0
DA:15,0
DA:16,0
DA:18,0
DA:29,0
DA:30,0
DA:31,0
LF:15
LH:0
BRDA:5,1,0,0
BRDA:5,1,1,0
BRDA:13,2,0,0
BRDA:13,2,1,0
BRF:4
BRH:0
end_of_record
